2024-04-26 08:31:56.880  INFO 17776 --- [restartedMain] com.card.card.CardApplication            : Starting CardApplication using Java 11.0.1 on LAPTOP-8SD4NQLN with PID 17776 (D:\card\target\classes started by ACER in D:\card)
2024-04-26 08:31:56.904  INFO 17776 --- [restartedMain] com.card.card.CardApplication            : No active profile set, falling back to 1 default profile: "default"
2024-04-26 08:31:57.122  INFO 17776 --- [restartedMain] .e.DevToolsPropertyDefaultsPostProcessor : Devtools property defaults active! Set 'spring.devtools.add-properties' to 'false' to disable
2024-04-26 08:31:57.123  INFO 17776 --- [restartedMain] .e.DevToolsPropertyDefaultsPostProcessor : For additional web related logging consider setting the 'logging.level.web' property to 'DEBUG'
2024-04-26 08:31:59.270  INFO 17776 --- [restartedMain] .s.d.r.c.RepositoryConfigurationDelegate : Bootstrapping Spring Data JPA repositories in DEFAULT mode.
2024-04-26 08:31:59.481  INFO 17776 --- [restartedMain] .s.d.r.c.RepositoryConfigurationDelegate : Finished Spring Data repository scanning in 179 ms. Found 2 JPA repository interfaces.
2024-04-26 08:32:02.337  INFO 17776 --- [restartedMain] o.s.b.w.embedded.tomcat.TomcatWebServer  : Tomcat initialized with port(s): 8080 (http)
2024-04-26 08:32:02.384  INFO 17776 --- [restartedMain] o.apache.catalina.core.StandardService   : Starting service [Tomcat]
2024-04-26 08:32:02.389  INFO 17776 --- [restartedMain] org.apache.catalina.core.StandardEngine  : Starting Servlet engine: [Apache Tomcat/9.0.70]
2024-04-26 08:32:02.720  INFO 17776 --- [restartedMain] o.a.c.c.C.[Tomcat].[localhost].[/]       : Initializing Spring embedded WebApplicationContext
2024-04-26 08:32:02.721  INFO 17776 --- [restartedMain] w.s.c.ServletWebServerApplicationContext : Root WebApplicationContext: initialization completed in 5595 ms
2024-04-26 08:32:03.119  INFO 17776 --- [restartedMain] com.zaxxer.hikari.HikariDataSource       : HikariPool-1 - Starting...
2024-04-26 08:32:03.953  INFO 17776 --- [restartedMain] com.zaxxer.hikari.HikariDataSource       : HikariPool-1 - Start completed.
2024-04-26 08:32:04.267  INFO 17776 --- [restartedMain] o.hibernate.jpa.internal.util.LogHelper  : HHH000204: Processing PersistenceUnitInfo [name: default]
2024-04-26 08:32:04.445  INFO 17776 --- [restartedMain] org.hibernate.Version                    : HHH000412: Hibernate ORM core version 5.6.14.Final
2024-04-26 08:32:05.045  INFO 17776 --- [restartedMain] o.hibernate.annotations.common.Version   : HCANN000001: Hibernate Commons Annotations {5.1.2.Final}
2024-04-26 08:32:05.435  INFO 17776 --- [restartedMain] org.hibernate.dialect.Dialect            : HHH000400: Using dialect: org.hibernate.dialect.MySQL5InnoDBDialect
2024-04-26 08:32:07.690  INFO 17776 --- [restartedMain] o.h.e.t.j.p.i.JtaPlatformInitiator       : HHH000490: Using JtaPlatform implementation: [org.hibernate.engine.transaction.jta.platform.internal.NoJtaPlatform]
2024-04-26 08:32:07.711  INFO 17776 --- [restartedMain] j.LocalContainerEntityManagerFactoryBean : Initialized JPA EntityManagerFactory for persistence unit 'default'
2024-04-26 08:32:09.085  WARN 17776 --- [restartedMain] JpaBaseConfiguration$JpaWebConfiguration : spring.jpa.open-in-view is enabled by default. Therefore, database queries may be performed during view rendering. Explicitly configure spring.jpa.open-in-view to disable this warning
2024-04-26 08:32:09.165  WARN 17776 --- [restartedMain] .s.s.UserDetailsServiceAutoConfiguration : 

Using generated security password: ec694b6d-44f1-46a3-a949-11571315950c

This generated password is for development use only. Your security configuration must be updated before running your application in production.

2024-04-26 08:32:09.419  WARN 17776 --- [restartedMain] o.s.s.c.a.web.builders.WebSecurity       : You are asking Spring Security to ignore Ant [pattern='/images/**']. This is not recommended -- please use permitAll via HttpSecurity#authorizeHttpRequests instead.
2024-04-26 08:32:09.421  INFO 17776 --- [restartedMain] o.s.s.web.DefaultSecurityFilterChain     : Will not secure Ant [pattern='/images/**']
2024-04-26 08:32:09.422  WARN 17776 --- [restartedMain] o.s.s.c.a.web.builders.WebSecurity       : You are asking Spring Security to ignore Ant [pattern='/js/**']. This is not recommended -- please use permitAll via HttpSecurity#authorizeHttpRequests instead.
2024-04-26 08:32:09.422  INFO 17776 --- [restartedMain] o.s.s.web.DefaultSecurityFilterChain     : Will not secure Ant [pattern='/js/**']
2024-04-26 08:32:09.423  WARN 17776 --- [restartedMain] o.s.s.c.a.web.builders.WebSecurity       : You are asking Spring Security to ignore Ant [pattern='/css/**']. This is not recommended -- please use permitAll via HttpSecurity#authorizeHttpRequests instead.
2024-04-26 08:32:09.423  INFO 17776 --- [restartedMain] o.s.s.web.DefaultSecurityFilterChain     : Will not secure Ant [pattern='/css/**']
2024-04-26 08:32:09.527  INFO 17776 --- [restartedMain] o.s.s.web.DefaultSecurityFilterChain     : Will secure any request with [org.springframework.security.web.session.DisableEncodeUrlFilter@28354344, org.springframework.security.web.context.request.async.WebAsyncManagerIntegrationFilter@28d1dfbf, org.springframework.security.web.context.SecurityContextPersistenceFilter@85268b3, org.springframework.security.web.header.HeaderWriterFilter@3470aca3, org.springframework.security.web.authentication.logout.LogoutFilter@143b5a40, org.springframework.security.web.authentication.UsernamePasswordAuthenticationFilter@1d5266c0, org.springframework.security.web.savedrequest.RequestCacheAwareFilter@5dcf2b84, org.springframework.security.web.servletapi.SecurityContextHolderAwareRequestFilter@54696b77, org.springframework.security.web.authentication.AnonymousAuthenticationFilter@693781f9, org.springframework.security.web.session.SessionManagementFilter@55bf4c34, org.springframework.security.web.access.ExceptionTranslationFilter@72736971, org.springframework.security.web.access.intercept.FilterSecurityInterceptor@430e4e27]
2024-04-26 08:32:09.929 DEBUG 17776 --- [restartedMain] s.w.s.m.m.a.RequestMappingHandlerAdapter : ControllerAdvice beans: 0 @ModelAttribute, 0 @InitBinder, 1 RequestBodyAdvice, 1 ResponseBodyAdvice
2024-04-26 08:32:10.184 DEBUG 17776 --- [restartedMain] s.w.s.m.m.a.RequestMappingHandlerMapping : 12 mappings in 'requestMappingHandlerMapping'
2024-04-26 08:32:10.242 DEBUG 17776 --- [restartedMain] o.s.w.s.handler.SimpleUrlHandlerMapping  : Patterns [/webjars/**, /**] in 'resourceHandlerMapping'
2024-04-26 08:32:10.266 DEBUG 17776 --- [restartedMain] .m.m.a.ExceptionHandlerExceptionResolver : ControllerAdvice beans: 0 @ExceptionHandler, 1 ResponseBodyAdvice
2024-04-26 08:32:10.492  INFO 17776 --- [restartedMain] o.s.b.d.a.OptionalLiveReloadServer       : LiveReload server is running on port 35729
2024-04-26 08:32:10.579  INFO 17776 --- [restartedMain] o.s.b.w.embedded.tomcat.TomcatWebServer  : Tomcat started on port(s): 8080 (http) with context path ''
2024-04-26 08:32:10.625  INFO 17776 --- [restartedMain] s.a.ScheduledAnnotationBeanPostProcessor : No TaskScheduler/ScheduledExecutorService bean found for scheduled processing
2024-04-26 08:32:10.645  INFO 17776 --- [restartedMain] com.card.card.CardApplication            : Started CardApplication in 15.256 seconds (JVM running for 17.189)
2024-04-26 08:37:16.227  INFO 17776 --- [http-nio-8080-exec-2] o.a.c.c.C.[Tomcat].[localhost].[/]       : Initializing Spring DispatcherServlet 'dispatcherServlet'
2024-04-26 08:37:16.229  INFO 17776 --- [http-nio-8080-exec-2] o.s.web.servlet.DispatcherServlet        : Initializing Servlet 'dispatcherServlet'
2024-04-26 08:37:16.230 DEBUG 17776 --- [http-nio-8080-exec-2] o.s.web.servlet.DispatcherServlet        : Detected StandardServletMultipartResolver
2024-04-26 08:37:16.230 DEBUG 17776 --- [http-nio-8080-exec-2] o.s.web.servlet.DispatcherServlet        : Detected AcceptHeaderLocaleResolver
2024-04-26 08:37:16.230 DEBUG 17776 --- [http-nio-8080-exec-2] o.s.web.servlet.DispatcherServlet        : Detected FixedThemeResolver
2024-04-26 08:37:16.232 DEBUG 17776 --- [http-nio-8080-exec-2] o.s.web.servlet.DispatcherServlet        : Detected org.springframework.web.servlet.view.DefaultRequestToViewNameTranslator@6d3ba0f9
2024-04-26 08:37:16.233 DEBUG 17776 --- [http-nio-8080-exec-2] o.s.web.servlet.DispatcherServlet        : Detected org.springframework.web.servlet.support.SessionFlashMapManager@2b3a9414
2024-04-26 08:37:16.234 DEBUG 17776 --- [http-nio-8080-exec-2] o.s.web.servlet.DispatcherServlet        : enableLoggingRequestDetails='false': request parameters and headers will be masked to prevent unsafe logging of potentially sensitive data
2024-04-26 08:37:16.234  INFO 17776 --- [http-nio-8080-exec-2] o.s.web.servlet.DispatcherServlet        : Completed initialization in 5 ms
2024-04-26 08:37:16.309 DEBUG 17776 --- [http-nio-8080-exec-2] o.s.web.servlet.DispatcherServlet        : OPTIONS "/player/login", parameters={}
2024-04-26 08:37:16.327 DEBUG 17776 --- [http-nio-8080-exec-2] s.w.s.m.m.a.RequestMappingHandlerMapping : Mapped to com.card.card.controller.PlayerController#createPlayer(PlayerDto)
2024-04-26 08:37:16.369 DEBUG 17776 --- [http-nio-8080-exec-2] o.s.web.servlet.DispatcherServlet        : Completed 200 OK
2024-04-26 08:37:16.386 DEBUG 17776 --- [http-nio-8080-exec-1] o.s.web.servlet.DispatcherServlet        : POST "/player/login", parameters={}
2024-04-26 08:37:16.387 DEBUG 17776 --- [http-nio-8080-exec-1] s.w.s.m.m.a.RequestMappingHandlerMapping : Mapped to com.card.card.controller.PlayerController#createPlayer(PlayerDto)
2024-04-26 08:37:16.596 DEBUG 17776 --- [http-nio-8080-exec-1] m.m.a.RequestResponseBodyMethodProcessor : Read "application/json;charset=UTF-8" to [PlayerDto(playerId=0, playerName=are pu)]
2024-04-26 08:37:16.788 DEBUG 17776 --- [http-nio-8080-exec-1] o.s.w.s.m.m.a.HttpEntityMethodProcessor  : Using 'application/json', given [*/*] and supported [application/json, application/*+json, application/json, application/*+json]
2024-04-26 08:37:16.790 DEBUG 17776 --- [http-nio-8080-exec-1] o.s.w.s.m.m.a.HttpEntityMethodProcessor  : Writing [Player(playerId=1, playerName=are pu, autoPlay=false, points=0, hand=null)]
2024-04-26 08:37:16.828 DEBUG 17776 --- [http-nio-8080-exec-1] o.s.web.servlet.DispatcherServlet        : Completed 200 OK
2024-04-26 08:37:16.845 DEBUG 17776 --- [http-nio-8080-exec-3] o.s.web.servlet.DispatcherServlet        : GET "/admin/card/list", parameters={}
2024-04-26 08:37:16.846 DEBUG 17776 --- [http-nio-8080-exec-3] s.w.s.m.m.a.RequestMappingHandlerMapping : Mapped to com.card.card.controller.AdminController#getAllCard()
2024-04-26 08:37:17.344 DEBUG 17776 --- [http-nio-8080-exec-3] o.s.w.s.m.m.a.HttpEntityMethodProcessor  : Using 'application/json', given [*/*] and supported [application/json, application/*+json, application/json, application/*+json]
2024-04-26 08:37:17.346 DEBUG 17776 --- [http-nio-8080-exec-3] o.s.w.s.m.m.a.HttpEntityMethodProcessor  : Writing [[Card(cardId=1, color=Red, number=1, player=null), Card(cardId=2, color=Red, number=2, player=null), (truncated)...]
2024-04-26 08:37:17.387 DEBUG 17776 --- [http-nio-8080-exec-3] o.s.web.servlet.DispatcherServlet        : Completed 200 OK
2024-04-26 08:38:23.653 DEBUG 17776 --- [http-nio-8080-exec-5] o.s.web.servlet.DispatcherServlet        : POST "/player/login", parameters={}
2024-04-26 08:38:23.655 DEBUG 17776 --- [http-nio-8080-exec-5] s.w.s.m.m.a.RequestMappingHandlerMapping : Mapped to com.card.card.controller.PlayerController#createPlayer(PlayerDto)
2024-04-26 08:38:23.658 DEBUG 17776 --- [http-nio-8080-exec-5] m.m.a.RequestResponseBodyMethodProcessor : Read "application/json;charset=UTF-8" to [PlayerDto(playerId=0, playerName=are pu)]
2024-04-26 08:38:23.671 DEBUG 17776 --- [http-nio-8080-exec-5] o.s.w.s.m.m.a.HttpEntityMethodProcessor  : Using 'application/json', given [*/*] and supported [application/json, application/*+json, application/json, application/*+json]
2024-04-26 08:38:23.671 DEBUG 17776 --- [http-nio-8080-exec-5] o.s.w.s.m.m.a.HttpEntityMethodProcessor  : Writing [Player(playerId=2, playerName=are pu, autoPlay=false, points=0, hand=null)]
2024-04-26 08:38:23.675 DEBUG 17776 --- [http-nio-8080-exec-5] o.s.web.servlet.DispatcherServlet        : Completed 200 OK
2024-04-26 08:38:23.693 DEBUG 17776 --- [http-nio-8080-exec-6] o.s.web.servlet.DispatcherServlet        : GET "/admin/card/list", parameters={}
2024-04-26 08:38:23.694 DEBUG 17776 --- [http-nio-8080-exec-6] s.w.s.m.m.a.RequestMappingHandlerMapping : Mapped to com.card.card.controller.AdminController#getAllCard()
2024-04-26 08:38:23.753 DEBUG 17776 --- [http-nio-8080-exec-6] o.s.w.s.m.m.a.HttpEntityMethodProcessor  : Using 'application/json', given [*/*] and supported [application/json, application/*+json, application/json, application/*+json]
2024-04-26 08:38:23.755 DEBUG 17776 --- [http-nio-8080-exec-6] o.s.w.s.m.m.a.HttpEntityMethodProcessor  : Writing [[Card(cardId=1, color=Red, number=1, player=null), Card(cardId=2, color=Red, number=2, player=null), (truncated)...]
2024-04-26 08:38:23.790 DEBUG 17776 --- [http-nio-8080-exec-6] o.s.web.servlet.DispatcherServlet        : Completed 200 OK
2024-04-26 08:38:48.218 DEBUG 17776 --- [http-nio-8080-exec-8] o.s.web.servlet.DispatcherServlet        : GET "/admin/card/list", parameters={}
2024-04-26 08:38:48.219 DEBUG 17776 --- [http-nio-8080-exec-8] s.w.s.m.m.a.RequestMappingHandlerMapping : Mapped to com.card.card.controller.AdminController#getAllCard()
2024-04-26 08:38:48.257 DEBUG 17776 --- [http-nio-8080-exec-8] o.s.w.s.m.m.a.HttpEntityMethodProcessor  : Using 'application/json', given [*/*] and supported [application/json, application/*+json, application/json, application/*+json]
2024-04-26 08:38:48.258 DEBUG 17776 --- [http-nio-8080-exec-8] o.s.w.s.m.m.a.HttpEntityMethodProcessor  : Writing [[Card(cardId=1, color=Red, number=1, player=null), Card(cardId=2, color=Red, number=2, player=null), (truncated)...]
2024-04-26 08:38:48.266 DEBUG 17776 --- [http-nio-8080-exec-8] o.s.web.servlet.DispatcherServlet        : Completed 200 OK
2024-04-26 08:39:03.805 DEBUG 17776 --- [http-nio-8080-exec-10] o.s.web.servlet.DispatcherServlet        : GET "/admin/card/list", parameters={}
2024-04-26 08:39:03.805 DEBUG 17776 --- [http-nio-8080-exec-10] s.w.s.m.m.a.RequestMappingHandlerMapping : Mapped to com.card.card.controller.AdminController#getAllCard()
2024-04-26 08:39:03.837 DEBUG 17776 --- [http-nio-8080-exec-10] o.s.w.s.m.m.a.HttpEntityMethodProcessor  : Using 'application/json', given [*/*] and supported [application/json, application/*+json, application/json, application/*+json]
2024-04-26 08:39:03.838 DEBUG 17776 --- [http-nio-8080-exec-10] o.s.w.s.m.m.a.HttpEntityMethodProcessor  : Writing [[Card(cardId=1, color=Red, number=1, player=null), Card(cardId=2, color=Red, number=2, player=null), (truncated)...]
2024-04-26 08:39:03.846 DEBUG 17776 --- [http-nio-8080-exec-10] o.s.web.servlet.DispatcherServlet        : Completed 200 OK
2024-04-26 08:41:37.129 DEBUG 17776 --- [http-nio-8080-exec-1] o.s.web.servlet.DispatcherServlet        : GET "/admin/card/list", parameters={}
2024-04-26 08:41:37.131 DEBUG 17776 --- [http-nio-8080-exec-1] s.w.s.m.m.a.RequestMappingHandlerMapping : Mapped to com.card.card.controller.AdminController#getAllCard()
2024-04-26 08:41:37.160 DEBUG 17776 --- [http-nio-8080-exec-1] o.s.w.s.m.m.a.HttpEntityMethodProcessor  : Using 'application/json', given [*/*] and supported [application/json, application/*+json, application/json, application/*+json]
2024-04-26 08:41:37.161 DEBUG 17776 --- [http-nio-8080-exec-1] o.s.w.s.m.m.a.HttpEntityMethodProcessor  : Writing [[Card(cardId=1, color=Red, number=1, player=null), Card(cardId=2, color=Red, number=2, player=null), (truncated)...]
2024-04-26 08:41:37.173 DEBUG 17776 --- [http-nio-8080-exec-1] o.s.web.servlet.DispatcherServlet        : Completed 200 OK
2024-04-26 08:42:00.822 DEBUG 17776 --- [http-nio-8080-exec-4] o.s.web.servlet.DispatcherServlet        : GET "/admin/card/list", parameters={}
2024-04-26 08:42:00.825 DEBUG 17776 --- [http-nio-8080-exec-4] s.w.s.m.m.a.RequestMappingHandlerMapping : Mapped to com.card.card.controller.AdminController#getAllCard()
2024-04-26 08:42:00.867 DEBUG 17776 --- [http-nio-8080-exec-4] o.s.w.s.m.m.a.HttpEntityMethodProcessor  : Using 'application/json', given [*/*] and supported [application/json, application/*+json, application/json, application/*+json]
2024-04-26 08:42:00.869 DEBUG 17776 --- [http-nio-8080-exec-4] o.s.w.s.m.m.a.HttpEntityMethodProcessor  : Writing [[Card(cardId=1, color=Red, number=1, player=null), Card(cardId=2, color=Red, number=2, player=null), (truncated)...]
2024-04-26 08:42:00.876 DEBUG 17776 --- [http-nio-8080-exec-4] o.s.web.servlet.DispatcherServlet        : Completed 200 OK
2024-04-26 08:42:18.258 DEBUG 17776 --- [http-nio-8080-exec-6] o.s.web.servlet.DispatcherServlet        : GET "/admin/card/list", parameters={}
2024-04-26 08:42:18.259 DEBUG 17776 --- [http-nio-8080-exec-6] s.w.s.m.m.a.RequestMappingHandlerMapping : Mapped to com.card.card.controller.AdminController#getAllCard()
2024-04-26 08:42:18.281 DEBUG 17776 --- [http-nio-8080-exec-6] o.s.w.s.m.m.a.HttpEntityMethodProcessor  : Using 'application/json', given [*/*] and supported [application/json, application/*+json, application/json, application/*+json]
2024-04-26 08:42:18.282 DEBUG 17776 --- [http-nio-8080-exec-6] o.s.w.s.m.m.a.HttpEntityMethodProcessor  : Writing [[Card(cardId=1, color=Red, number=1, player=null), Card(cardId=2, color=Red, number=2, player=null), (truncated)...]
2024-04-26 08:42:18.287 DEBUG 17776 --- [http-nio-8080-exec-6] o.s.web.servlet.DispatcherServlet        : Completed 200 OK
2024-04-26 08:42:29.448 DEBUG 17776 --- [http-nio-8080-exec-8] o.s.web.servlet.DispatcherServlet        : GET "/admin/card/list", parameters={}
2024-04-26 08:42:29.450 DEBUG 17776 --- [http-nio-8080-exec-8] s.w.s.m.m.a.RequestMappingHandlerMapping : Mapped to com.card.card.controller.AdminController#getAllCard()
2024-04-26 08:42:29.474 DEBUG 17776 --- [http-nio-8080-exec-8] o.s.w.s.m.m.a.HttpEntityMethodProcessor  : Using 'application/json', given [*/*] and supported [application/json, application/*+json, application/json, application/*+json]
2024-04-26 08:42:29.475 DEBUG 17776 --- [http-nio-8080-exec-8] o.s.w.s.m.m.a.HttpEntityMethodProcessor  : Writing [[Card(cardId=1, color=Red, number=1, player=null), Card(cardId=2, color=Red, number=2, player=null), (truncated)...]
2024-04-26 08:42:29.483 DEBUG 17776 --- [http-nio-8080-exec-8] o.s.web.servlet.DispatcherServlet        : Completed 200 OK
2024-04-26 08:42:37.635 DEBUG 17776 --- [http-nio-8080-exec-10] o.s.web.servlet.DispatcherServlet        : GET "/admin/card/list", parameters={}
2024-04-26 08:42:37.636 DEBUG 17776 --- [http-nio-8080-exec-10] s.w.s.m.m.a.RequestMappingHandlerMapping : Mapped to com.card.card.controller.AdminController#getAllCard()
2024-04-26 08:42:37.654 DEBUG 17776 --- [http-nio-8080-exec-10] o.s.w.s.m.m.a.HttpEntityMethodProcessor  : Using 'application/json', given [*/*] and supported [application/json, application/*+json, application/json, application/*+json]
2024-04-26 08:42:37.655 DEBUG 17776 --- [http-nio-8080-exec-10] o.s.w.s.m.m.a.HttpEntityMethodProcessor  : Writing [[Card(cardId=1, color=Red, number=1, player=null), Card(cardId=2, color=Red, number=2, player=null), (truncated)...]
2024-04-26 08:42:37.660 DEBUG 17776 --- [http-nio-8080-exec-10] o.s.web.servlet.DispatcherServlet        : Completed 200 OK
2024-04-26 08:42:48.178 DEBUG 17776 --- [http-nio-8080-exec-1] o.s.web.servlet.DispatcherServlet        : GET "/admin/card/list", parameters={}
2024-04-26 08:42:48.179 DEBUG 17776 --- [http-nio-8080-exec-1] s.w.s.m.m.a.RequestMappingHandlerMapping : Mapped to com.card.card.controller.AdminController#getAllCard()
2024-04-26 08:42:48.198 DEBUG 17776 --- [http-nio-8080-exec-1] o.s.w.s.m.m.a.HttpEntityMethodProcessor  : Using 'application/json', given [*/*] and supported [application/json, application/*+json, application/json, application/*+json]
2024-04-26 08:42:48.199 DEBUG 17776 --- [http-nio-8080-exec-1] o.s.w.s.m.m.a.HttpEntityMethodProcessor  : Writing [[Card(cardId=1, color=Red, number=1, player=null), Card(cardId=2, color=Red, number=2, player=null), (truncated)...]
2024-04-26 08:42:48.204 DEBUG 17776 --- [http-nio-8080-exec-1] o.s.web.servlet.DispatcherServlet        : Completed 200 OK
2024-04-26 08:44:42.214 DEBUG 17776 --- [http-nio-8080-exec-4] o.s.web.servlet.DispatcherServlet        : GET "/admin/card/list", parameters={}
2024-04-26 08:44:42.215 DEBUG 17776 --- [http-nio-8080-exec-4] s.w.s.m.m.a.RequestMappingHandlerMapping : Mapped to com.card.card.controller.AdminController#getAllCard()
2024-04-26 08:44:42.229 DEBUG 17776 --- [http-nio-8080-exec-4] o.s.w.s.m.m.a.HttpEntityMethodProcessor  : Using 'application/json', given [*/*] and supported [application/json, application/*+json, application/json, application/*+json]
2024-04-26 08:44:42.230 DEBUG 17776 --- [http-nio-8080-exec-4] o.s.w.s.m.m.a.HttpEntityMethodProcessor  : Writing [[Card(cardId=1, color=Red, number=1, player=null), Card(cardId=2, color=Red, number=2, player=null), (truncated)...]
2024-04-26 08:44:42.234 DEBUG 17776 --- [http-nio-8080-exec-4] o.s.web.servlet.DispatcherServlet        : Completed 200 OK
2024-04-26 08:44:49.157 DEBUG 17776 --- [http-nio-8080-exec-5] o.s.web.servlet.DispatcherServlet        : GET "/admin/card/list", parameters={}
2024-04-26 08:44:49.158 DEBUG 17776 --- [http-nio-8080-exec-5] s.w.s.m.m.a.RequestMappingHandlerMapping : Mapped to com.card.card.controller.AdminController#getAllCard()
2024-04-26 08:44:49.177 DEBUG 17776 --- [http-nio-8080-exec-5] o.s.w.s.m.m.a.HttpEntityMethodProcessor  : Using 'application/json', given [*/*] and supported [application/json, application/*+json, application/json, application/*+json]
2024-04-26 08:44:49.178 DEBUG 17776 --- [http-nio-8080-exec-5] o.s.w.s.m.m.a.HttpEntityMethodProcessor  : Writing [[Card(cardId=1, color=Red, number=1, player=null), Card(cardId=2, color=Red, number=2, player=null), (truncated)...]
2024-04-26 08:44:49.183 DEBUG 17776 --- [http-nio-8080-exec-5] o.s.web.servlet.DispatcherServlet        : Completed 200 OK
2024-04-26 08:44:51.740 DEBUG 17776 --- [http-nio-8080-exec-7] o.s.web.servlet.DispatcherServlet        : GET "/admin/card/list", parameters={}
2024-04-26 08:44:51.741 DEBUG 17776 --- [http-nio-8080-exec-7] s.w.s.m.m.a.RequestMappingHandlerMapping : Mapped to com.card.card.controller.AdminController#getAllCard()
2024-04-26 08:44:51.762 DEBUG 17776 --- [http-nio-8080-exec-7] o.s.w.s.m.m.a.HttpEntityMethodProcessor  : Using 'application/json', given [*/*] and supported [application/json, application/*+json, application/json, application/*+json]
2024-04-26 08:44:51.763 DEBUG 17776 --- [http-nio-8080-exec-7] o.s.w.s.m.m.a.HttpEntityMethodProcessor  : Writing [[Card(cardId=1, color=Red, number=1, player=null), Card(cardId=2, color=Red, number=2, player=null), (truncated)...]
2024-04-26 08:44:51.769 DEBUG 17776 --- [http-nio-8080-exec-7] o.s.web.servlet.DispatcherServlet        : Completed 200 OK
2024-04-26 08:45:54.747 DEBUG 17776 --- [http-nio-8080-exec-9] o.s.web.servlet.DispatcherServlet        : GET "/admin/card/list", parameters={}
2024-04-26 08:45:54.749 DEBUG 17776 --- [http-nio-8080-exec-9] s.w.s.m.m.a.RequestMappingHandlerMapping : Mapped to com.card.card.controller.AdminController#getAllCard()
2024-04-26 08:45:54.762 DEBUG 17776 --- [http-nio-8080-exec-9] o.s.w.s.m.m.a.HttpEntityMethodProcessor  : Using 'application/json', given [*/*] and supported [application/json, application/*+json, application/json, application/*+json]
2024-04-26 08:45:54.763 DEBUG 17776 --- [http-nio-8080-exec-9] o.s.w.s.m.m.a.HttpEntityMethodProcessor  : Writing [[Card(cardId=1, color=Red, number=1, player=null), Card(cardId=2, color=Red, number=2, player=null), (truncated)...]
2024-04-26 08:45:54.767 DEBUG 17776 --- [http-nio-8080-exec-9] o.s.web.servlet.DispatcherServlet        : Completed 200 OK
2024-04-26 08:46:29.381 DEBUG 17776 --- [http-nio-8080-exec-2] o.s.web.servlet.DispatcherServlet        : GET "/admin/card/list", parameters={}
2024-04-26 08:46:29.383 DEBUG 17776 --- [http-nio-8080-exec-2] s.w.s.m.m.a.RequestMappingHandlerMapping : Mapped to com.card.card.controller.AdminController#getAllCard()
2024-04-26 08:46:29.399 DEBUG 17776 --- [http-nio-8080-exec-2] o.s.w.s.m.m.a.HttpEntityMethodProcessor  : Using 'application/json', given [*/*] and supported [application/json, application/*+json, application/json, application/*+json]
2024-04-26 08:46:29.400 DEBUG 17776 --- [http-nio-8080-exec-2] o.s.w.s.m.m.a.HttpEntityMethodProcessor  : Writing [[Card(cardId=1, color=Red, number=1, player=null), Card(cardId=2, color=Red, number=2, player=null), (truncated)...]
2024-04-26 08:46:29.404 DEBUG 17776 --- [http-nio-8080-exec-2] o.s.web.servlet.DispatcherServlet        : Completed 200 OK
2024-04-26 08:47:34.762 DEBUG 17776 --- [http-nio-8080-exec-3] o.s.web.servlet.DispatcherServlet        : GET "/admin/card/list", parameters={}
2024-04-26 08:47:34.763 DEBUG 17776 --- [http-nio-8080-exec-3] s.w.s.m.m.a.RequestMappingHandlerMapping : Mapped to com.card.card.controller.AdminController#getAllCard()
2024-04-26 08:47:34.786 DEBUG 17776 --- [http-nio-8080-exec-3] o.s.w.s.m.m.a.HttpEntityMethodProcessor  : Using 'application/json', given [*/*] and supported [application/json, application/*+json, application/json, application/*+json]
2024-04-26 08:47:34.787 DEBUG 17776 --- [http-nio-8080-exec-3] o.s.w.s.m.m.a.HttpEntityMethodProcessor  : Writing [[Card(cardId=1, color=Red, number=1, player=null), Card(cardId=2, color=Red, number=2, player=null), (truncated)...]
2024-04-26 08:47:34.792 DEBUG 17776 --- [http-nio-8080-exec-3] o.s.web.servlet.DispatcherServlet        : Completed 200 OK
2024-04-26 08:48:14.913 DEBUG 17776 --- [http-nio-8080-exec-5] o.s.web.servlet.DispatcherServlet        : GET "/admin/card/list", parameters={}
2024-04-26 08:48:14.914 DEBUG 17776 --- [http-nio-8080-exec-5] s.w.s.m.m.a.RequestMappingHandlerMapping : Mapped to com.card.card.controller.AdminController#getAllCard()
2024-04-26 08:48:14.928 DEBUG 17776 --- [http-nio-8080-exec-5] o.s.w.s.m.m.a.HttpEntityMethodProcessor  : Using 'application/json', given [*/*] and supported [application/json, application/*+json, application/json, application/*+json]
2024-04-26 08:48:14.929 DEBUG 17776 --- [http-nio-8080-exec-5] o.s.w.s.m.m.a.HttpEntityMethodProcessor  : Writing [[Card(cardId=1, color=Red, number=1, player=null), Card(cardId=2, color=Red, number=2, player=null), (truncated)...]
2024-04-26 08:48:14.932 DEBUG 17776 --- [http-nio-8080-exec-5] o.s.web.servlet.DispatcherServlet        : Completed 200 OK
2024-04-26 08:48:42.646 DEBUG 17776 --- [http-nio-8080-exec-7] o.s.web.servlet.DispatcherServlet        : GET "/admin/card/list", parameters={}
2024-04-26 08:48:42.647 DEBUG 17776 --- [http-nio-8080-exec-7] s.w.s.m.m.a.RequestMappingHandlerMapping : Mapped to com.card.card.controller.AdminController#getAllCard()
2024-04-26 08:48:42.667 DEBUG 17776 --- [http-nio-8080-exec-7] o.s.w.s.m.m.a.HttpEntityMethodProcessor  : Using 'application/json', given [*/*] and supported [application/json, application/*+json, application/json, application/*+json]
2024-04-26 08:48:42.668 DEBUG 17776 --- [http-nio-8080-exec-7] o.s.w.s.m.m.a.HttpEntityMethodProcessor  : Writing [[Card(cardId=1, color=Red, number=1, player=null), Card(cardId=2, color=Red, number=2, player=null), (truncated)...]
2024-04-26 08:48:42.672 DEBUG 17776 --- [http-nio-8080-exec-7] o.s.web.servlet.DispatcherServlet        : Completed 200 OK
2024-04-26 08:48:54.788 DEBUG 17776 --- [http-nio-8080-exec-9] o.s.web.servlet.DispatcherServlet        : GET "/admin/card/list", parameters={}
2024-04-26 08:48:54.789 DEBUG 17776 --- [http-nio-8080-exec-9] s.w.s.m.m.a.RequestMappingHandlerMapping : Mapped to com.card.card.controller.AdminController#getAllCard()
2024-04-26 08:48:54.803 DEBUG 17776 --- [http-nio-8080-exec-9] o.s.w.s.m.m.a.HttpEntityMethodProcessor  : Using 'application/json', given [*/*] and supported [application/json, application/*+json, application/json, application/*+json]
2024-04-26 08:48:54.804 DEBUG 17776 --- [http-nio-8080-exec-9] o.s.w.s.m.m.a.HttpEntityMethodProcessor  : Writing [[Card(cardId=1, color=Red, number=1, player=null), Card(cardId=2, color=Red, number=2, player=null), (truncated)...]
2024-04-26 08:48:54.809 DEBUG 17776 --- [http-nio-8080-exec-9] o.s.web.servlet.DispatcherServlet        : Completed 200 OK
2024-04-26 08:49:06.647 DEBUG 17776 --- [http-nio-8080-exec-2] o.s.web.servlet.DispatcherServlet        : GET "/admin/card/list", parameters={}
2024-04-26 08:49:06.648 DEBUG 17776 --- [http-nio-8080-exec-2] s.w.s.m.m.a.RequestMappingHandlerMapping : Mapped to com.card.card.controller.AdminController#getAllCard()
2024-04-26 08:49:06.660 DEBUG 17776 --- [http-nio-8080-exec-2] o.s.w.s.m.m.a.HttpEntityMethodProcessor  : Using 'application/json', given [*/*] and supported [application/json, application/*+json, application/json, application/*+json]
2024-04-26 08:49:06.661 DEBUG 17776 --- [http-nio-8080-exec-2] o.s.w.s.m.m.a.HttpEntityMethodProcessor  : Writing [[Card(cardId=1, color=Red, number=1, player=null), Card(cardId=2, color=Red, number=2, player=null), (truncated)...]
2024-04-26 08:49:06.664 DEBUG 17776 --- [http-nio-8080-exec-2] o.s.web.servlet.DispatcherServlet        : Completed 200 OK
2024-04-26 08:49:20.618 DEBUG 17776 --- [http-nio-8080-exec-3] o.s.web.servlet.DispatcherServlet        : GET "/admin/card/list", parameters={}
2024-04-26 08:49:20.618 DEBUG 17776 --- [http-nio-8080-exec-3] s.w.s.m.m.a.RequestMappingHandlerMapping : Mapped to com.card.card.controller.AdminController#getAllCard()
2024-04-26 08:49:20.634 DEBUG 17776 --- [http-nio-8080-exec-3] o.s.w.s.m.m.a.HttpEntityMethodProcessor  : Using 'application/json', given [*/*] and supported [application/json, application/*+json, application/json, application/*+json]
2024-04-26 08:49:20.635 DEBUG 17776 --- [http-nio-8080-exec-3] o.s.w.s.m.m.a.HttpEntityMethodProcessor  : Writing [[Card(cardId=1, color=Red, number=1, player=null), Card(cardId=2, color=Red, number=2, player=null), (truncated)...]
2024-04-26 08:49:20.640 DEBUG 17776 --- [http-nio-8080-exec-3] o.s.web.servlet.DispatcherServlet        : Completed 200 OK
2024-04-26 08:49:32.595 DEBUG 17776 --- [http-nio-8080-exec-5] o.s.web.servlet.DispatcherServlet        : GET "/admin/card/list", parameters={}
2024-04-26 08:49:32.595 DEBUG 17776 --- [http-nio-8080-exec-5] s.w.s.m.m.a.RequestMappingHandlerMapping : Mapped to com.card.card.controller.AdminController#getAllCard()
2024-04-26 08:49:32.612 DEBUG 17776 --- [http-nio-8080-exec-5] o.s.w.s.m.m.a.HttpEntityMethodProcessor  : Using 'application/json', given [*/*] and supported [application/json, application/*+json, application/json, application/*+json]
2024-04-26 08:49:32.613 DEBUG 17776 --- [http-nio-8080-exec-5] o.s.w.s.m.m.a.HttpEntityMethodProcessor  : Writing [[Card(cardId=1, color=Red, number=1, player=null), Card(cardId=2, color=Red, number=2, player=null), (truncated)...]
2024-04-26 08:49:32.617 DEBUG 17776 --- [http-nio-8080-exec-5] o.s.web.servlet.DispatcherServlet        : Completed 200 OK
2024-04-26 08:53:51.469 DEBUG 17776 --- [http-nio-8080-exec-7] o.s.web.servlet.DispatcherServlet        : GET "/admin/card/list", parameters={}
2024-04-26 08:53:51.469 DEBUG 17776 --- [http-nio-8080-exec-7] s.w.s.m.m.a.RequestMappingHandlerMapping : Mapped to com.card.card.controller.AdminController#getAllCard()
2024-04-26 08:53:51.484 DEBUG 17776 --- [http-nio-8080-exec-7] o.s.w.s.m.m.a.HttpEntityMethodProcessor  : Using 'application/json', given [*/*] and supported [application/json, application/*+json, application/json, application/*+json]
2024-04-26 08:53:51.485 DEBUG 17776 --- [http-nio-8080-exec-7] o.s.w.s.m.m.a.HttpEntityMethodProcessor  : Writing [[Card(cardId=1, color=Red, number=1, player=null), Card(cardId=2, color=Red, number=2, player=null), (truncated)...]
2024-04-26 08:53:51.488 DEBUG 17776 --- [http-nio-8080-exec-7] o.s.web.servlet.DispatcherServlet        : Completed 200 OK
2024-04-26 08:54:02.775 DEBUG 17776 --- [http-nio-8080-exec-9] o.s.web.servlet.DispatcherServlet        : GET "/admin/card/list", parameters={}
2024-04-26 08:54:02.776 DEBUG 17776 --- [http-nio-8080-exec-9] s.w.s.m.m.a.RequestMappingHandlerMapping : Mapped to com.card.card.controller.AdminController#getAllCard()
2024-04-26 08:54:02.791 DEBUG 17776 --- [http-nio-8080-exec-9] o.s.w.s.m.m.a.HttpEntityMethodProcessor  : Using 'application/json', given [*/*] and supported [application/json, application/*+json, application/json, application/*+json]
2024-04-26 08:54:02.791 DEBUG 17776 --- [http-nio-8080-exec-9] o.s.w.s.m.m.a.HttpEntityMethodProcessor  : Writing [[Card(cardId=1, color=Red, number=1, player=null), Card(cardId=2, color=Red, number=2, player=null), (truncated)...]
2024-04-26 08:54:02.795 DEBUG 17776 --- [http-nio-8080-exec-9] o.s.web.servlet.DispatcherServlet        : Completed 200 OK
2024-04-26 08:54:05.863 DEBUG 17776 --- [http-nio-8080-exec-10] o.s.web.servlet.DispatcherServlet        : GET "/admin/card/list", parameters={}
2024-04-26 08:54:05.864 DEBUG 17776 --- [http-nio-8080-exec-10] s.w.s.m.m.a.RequestMappingHandlerMapping : Mapped to com.card.card.controller.AdminController#getAllCard()
2024-04-26 08:54:05.880 DEBUG 17776 --- [http-nio-8080-exec-10] o.s.w.s.m.m.a.HttpEntityMethodProcessor  : Using 'application/json', given [*/*] and supported [application/json, application/*+json, application/json, application/*+json]
2024-04-26 08:54:05.880 DEBUG 17776 --- [http-nio-8080-exec-10] o.s.w.s.m.m.a.HttpEntityMethodProcessor  : Writing [[Card(cardId=1, color=Red, number=1, player=null), Card(cardId=2, color=Red, number=2, player=null), (truncated)...]
2024-04-26 08:54:05.884 DEBUG 17776 --- [http-nio-8080-exec-10] o.s.web.servlet.DispatcherServlet        : Completed 200 OK
2024-04-26 08:55:38.728 DEBUG 17776 --- [http-nio-8080-exec-1] o.s.web.servlet.DispatcherServlet        : GET "/admin/card/list", parameters={}
2024-04-26 08:55:38.730 DEBUG 17776 --- [http-nio-8080-exec-1] s.w.s.m.m.a.RequestMappingHandlerMapping : Mapped to com.card.card.controller.AdminController#getAllCard()
2024-04-26 08:55:38.743 DEBUG 17776 --- [http-nio-8080-exec-1] o.s.w.s.m.m.a.HttpEntityMethodProcessor  : Using 'application/json', given [*/*] and supported [application/json, application/*+json, application/json, application/*+json]
2024-04-26 08:55:38.743 DEBUG 17776 --- [http-nio-8080-exec-1] o.s.w.s.m.m.a.HttpEntityMethodProcessor  : Writing [[Card(cardId=1, color=Red, number=1, player=null), Card(cardId=2, color=Red, number=2, player=null), (truncated)...]
2024-04-26 08:55:38.747 DEBUG 17776 --- [http-nio-8080-exec-1] o.s.web.servlet.DispatcherServlet        : Completed 200 OK
2024-04-26 08:55:51.038 DEBUG 17776 --- [http-nio-8080-exec-4] o.s.web.servlet.DispatcherServlet        : GET "/admin/card/list", parameters={}
2024-04-26 08:55:51.039 DEBUG 17776 --- [http-nio-8080-exec-4] s.w.s.m.m.a.RequestMappingHandlerMapping : Mapped to com.card.card.controller.AdminController#getAllCard()
2024-04-26 08:55:51.053 DEBUG 17776 --- [http-nio-8080-exec-4] o.s.w.s.m.m.a.HttpEntityMethodProcessor  : Using 'application/json', given [*/*] and supported [application/json, application/*+json, application/json, application/*+json]
2024-04-26 08:55:51.053 DEBUG 17776 --- [http-nio-8080-exec-4] o.s.w.s.m.m.a.HttpEntityMethodProcessor  : Writing [[Card(cardId=1, color=Red, number=1, player=null), Card(cardId=2, color=Red, number=2, player=null), (truncated)...]
2024-04-26 08:55:51.057 DEBUG 17776 --- [http-nio-8080-exec-4] o.s.web.servlet.DispatcherServlet        : Completed 200 OK
2024-04-26 08:55:54.154 DEBUG 17776 --- [http-nio-8080-exec-5] o.s.web.servlet.DispatcherServlet        : GET "/admin/card/list", parameters={}
2024-04-26 08:55:54.157 DEBUG 17776 --- [http-nio-8080-exec-5] s.w.s.m.m.a.RequestMappingHandlerMapping : Mapped to com.card.card.controller.AdminController#getAllCard()
2024-04-26 08:55:54.173 DEBUG 17776 --- [http-nio-8080-exec-5] o.s.w.s.m.m.a.HttpEntityMethodProcessor  : Using 'application/json', given [*/*] and supported [application/json, application/*+json, application/json, application/*+json]
2024-04-26 08:55:54.174 DEBUG 17776 --- [http-nio-8080-exec-5] o.s.w.s.m.m.a.HttpEntityMethodProcessor  : Writing [[Card(cardId=1, color=Red, number=1, player=null), Card(cardId=2, color=Red, number=2, player=null), (truncated)...]
2024-04-26 08:55:54.179 DEBUG 17776 --- [http-nio-8080-exec-5] o.s.web.servlet.DispatcherServlet        : Completed 200 OK
2024-04-26 08:56:02.653 DEBUG 17776 --- [http-nio-8080-exec-7] o.s.web.servlet.DispatcherServlet        : GET "/admin/card/list", parameters={}
2024-04-26 08:56:02.654 DEBUG 17776 --- [http-nio-8080-exec-7] s.w.s.m.m.a.RequestMappingHandlerMapping : Mapped to com.card.card.controller.AdminController#getAllCard()
2024-04-26 08:56:02.665 DEBUG 17776 --- [http-nio-8080-exec-7] o.s.w.s.m.m.a.HttpEntityMethodProcessor  : Using 'application/json', given [*/*] and supported [application/json, application/*+json, application/json, application/*+json]
2024-04-26 08:56:02.666 DEBUG 17776 --- [http-nio-8080-exec-7] o.s.w.s.m.m.a.HttpEntityMethodProcessor  : Writing [[Card(cardId=1, color=Red, number=1, player=null), Card(cardId=2, color=Red, number=2, player=null), (truncated)...]
2024-04-26 08:56:02.670 DEBUG 17776 --- [http-nio-8080-exec-7] o.s.web.servlet.DispatcherServlet        : Completed 200 OK
2024-04-26 08:56:04.462 DEBUG 17776 --- [http-nio-8080-exec-8] o.s.web.servlet.DispatcherServlet        : GET "/admin/card/list", parameters={}
2024-04-26 08:56:04.463 DEBUG 17776 --- [http-nio-8080-exec-8] s.w.s.m.m.a.RequestMappingHandlerMapping : Mapped to com.card.card.controller.AdminController#getAllCard()
2024-04-26 08:56:04.479 DEBUG 17776 --- [http-nio-8080-exec-8] o.s.w.s.m.m.a.HttpEntityMethodProcessor  : Using 'application/json', given [*/*] and supported [application/json, application/*+json, application/json, application/*+json]
2024-04-26 08:56:04.480 DEBUG 17776 --- [http-nio-8080-exec-8] o.s.w.s.m.m.a.HttpEntityMethodProcessor  : Writing [[Card(cardId=1, color=Red, number=1, player=null), Card(cardId=2, color=Red, number=2, player=null), (truncated)...]
2024-04-26 08:56:04.487 DEBUG 17776 --- [http-nio-8080-exec-8] o.s.web.servlet.DispatcherServlet        : Completed 200 OK
2024-04-26 08:56:36.364 DEBUG 17776 --- [http-nio-8080-exec-10] o.s.web.servlet.DispatcherServlet        : GET "/admin/card/list", parameters={}
2024-04-26 08:56:36.365 DEBUG 17776 --- [http-nio-8080-exec-10] s.w.s.m.m.a.RequestMappingHandlerMapping : Mapped to com.card.card.controller.AdminController#getAllCard()
2024-04-26 08:56:36.379 DEBUG 17776 --- [http-nio-8080-exec-10] o.s.w.s.m.m.a.HttpEntityMethodProcessor  : Using 'application/json', given [*/*] and supported [application/json, application/*+json, application/json, application/*+json]
2024-04-26 08:56:36.380 DEBUG 17776 --- [http-nio-8080-exec-10] o.s.w.s.m.m.a.HttpEntityMethodProcessor  : Writing [[Card(cardId=1, color=Red, number=1, player=null), Card(cardId=2, color=Red, number=2, player=null), (truncated)...]
2024-04-26 08:56:36.383 DEBUG 17776 --- [http-nio-8080-exec-10] o.s.web.servlet.DispatcherServlet        : Completed 200 OK
2024-04-26 08:56:54.067 DEBUG 17776 --- [http-nio-8080-exec-1] o.s.web.servlet.DispatcherServlet        : GET "/admin/card/list", parameters={}
2024-04-26 08:56:54.068 DEBUG 17776 --- [http-nio-8080-exec-1] s.w.s.m.m.a.RequestMappingHandlerMapping : Mapped to com.card.card.controller.AdminController#getAllCard()
2024-04-26 08:56:54.082 DEBUG 17776 --- [http-nio-8080-exec-1] o.s.w.s.m.m.a.HttpEntityMethodProcessor  : Using 'application/json', given [*/*] and supported [application/json, application/*+json, application/json, application/*+json]
2024-04-26 08:56:54.082 DEBUG 17776 --- [http-nio-8080-exec-1] o.s.w.s.m.m.a.HttpEntityMethodProcessor  : Writing [[Card(cardId=1, color=Red, number=1, player=null), Card(cardId=2, color=Red, number=2, player=null), (truncated)...]
2024-04-26 08:56:54.084 DEBUG 17776 --- [http-nio-8080-exec-1] o.s.web.servlet.DispatcherServlet        : Completed 200 OK
2024-04-26 08:56:59.260 DEBUG 17776 --- [http-nio-8080-exec-4] o.s.web.servlet.DispatcherServlet        : GET "/admin/card/list", parameters={}
2024-04-26 08:56:59.260 DEBUG 17776 --- [http-nio-8080-exec-4] s.w.s.m.m.a.RequestMappingHandlerMapping : Mapped to com.card.card.controller.AdminController#getAllCard()
2024-04-26 08:56:59.270 DEBUG 17776 --- [http-nio-8080-exec-4] o.s.w.s.m.m.a.HttpEntityMethodProcessor  : Using 'application/json', given [*/*] and supported [application/json, application/*+json, application/json, application/*+json]
2024-04-26 08:56:59.270 DEBUG 17776 --- [http-nio-8080-exec-4] o.s.w.s.m.m.a.HttpEntityMethodProcessor  : Writing [[Card(cardId=1, color=Red, number=1, player=null), Card(cardId=2, color=Red, number=2, player=null), (truncated)...]
2024-04-26 08:56:59.273 DEBUG 17776 --- [http-nio-8080-exec-4] o.s.web.servlet.DispatcherServlet        : Completed 200 OK
2024-04-26 08:57:02.100 DEBUG 17776 --- [http-nio-8080-exec-5] o.s.web.servlet.DispatcherServlet        : GET "/admin/card/list", parameters={}
2024-04-26 08:57:02.101 DEBUG 17776 --- [http-nio-8080-exec-5] s.w.s.m.m.a.RequestMappingHandlerMapping : Mapped to com.card.card.controller.AdminController#getAllCard()
2024-04-26 08:57:02.117 DEBUG 17776 --- [http-nio-8080-exec-5] o.s.w.s.m.m.a.HttpEntityMethodProcessor  : Using 'application/json', given [*/*] and supported [application/json, application/*+json, application/json, application/*+json]
2024-04-26 08:57:02.118 DEBUG 17776 --- [http-nio-8080-exec-5] o.s.w.s.m.m.a.HttpEntityMethodProcessor  : Writing [[Card(cardId=1, color=Red, number=1, player=null), Card(cardId=2, color=Red, number=2, player=null), (truncated)...]
2024-04-26 08:57:02.122 DEBUG 17776 --- [http-nio-8080-exec-5] o.s.web.servlet.DispatcherServlet        : Completed 200 OK
2024-04-26 08:57:10.396 DEBUG 17776 --- [http-nio-8080-exec-7] o.s.web.servlet.DispatcherServlet        : GET "/admin/card/list", parameters={}
2024-04-26 08:57:10.396 DEBUG 17776 --- [http-nio-8080-exec-7] s.w.s.m.m.a.RequestMappingHandlerMapping : Mapped to com.card.card.controller.AdminController#getAllCard()
2024-04-26 08:57:10.407 DEBUG 17776 --- [http-nio-8080-exec-7] o.s.w.s.m.m.a.HttpEntityMethodProcessor  : Using 'application/json', given [*/*] and supported [application/json, application/*+json, application/json, application/*+json]
2024-04-26 08:57:10.408 DEBUG 17776 --- [http-nio-8080-exec-7] o.s.w.s.m.m.a.HttpEntityMethodProcessor  : Writing [[Card(cardId=1, color=Red, number=1, player=null), Card(cardId=2, color=Red, number=2, player=null), (truncated)...]
2024-04-26 08:57:10.412 DEBUG 17776 --- [http-nio-8080-exec-7] o.s.web.servlet.DispatcherServlet        : Completed 200 OK
2024-04-26 08:57:24.879 DEBUG 17776 --- [http-nio-8080-exec-9] o.s.web.servlet.DispatcherServlet        : GET "/admin/card/list", parameters={}
2024-04-26 08:57:24.879 DEBUG 17776 --- [http-nio-8080-exec-9] s.w.s.m.m.a.RequestMappingHandlerMapping : Mapped to com.card.card.controller.AdminController#getAllCard()
2024-04-26 08:57:24.890 DEBUG 17776 --- [http-nio-8080-exec-9] o.s.w.s.m.m.a.HttpEntityMethodProcessor  : Using 'application/json', given [*/*] and supported [application/json, application/*+json, application/json, application/*+json]
2024-04-26 08:57:24.891 DEBUG 17776 --- [http-nio-8080-exec-9] o.s.w.s.m.m.a.HttpEntityMethodProcessor  : Writing [[Card(cardId=1, color=Red, number=1, player=null), Card(cardId=2, color=Red, number=2, player=null), (truncated)...]
2024-04-26 08:57:24.894 DEBUG 17776 --- [http-nio-8080-exec-9] o.s.web.servlet.DispatcherServlet        : Completed 200 OK
2024-04-26 08:57:26.655 DEBUG 17776 --- [http-nio-8080-exec-10] o.s.web.servlet.DispatcherServlet        : GET "/admin/card/list", parameters={}
2024-04-26 08:57:26.656 DEBUG 17776 --- [http-nio-8080-exec-10] s.w.s.m.m.a.RequestMappingHandlerMapping : Mapped to com.card.card.controller.AdminController#getAllCard()
2024-04-26 08:57:26.668 DEBUG 17776 --- [http-nio-8080-exec-10] o.s.w.s.m.m.a.HttpEntityMethodProcessor  : Using 'application/json', given [*/*] and supported [application/json, application/*+json, application/json, application/*+json]
2024-04-26 08:57:26.669 DEBUG 17776 --- [http-nio-8080-exec-10] o.s.w.s.m.m.a.HttpEntityMethodProcessor  : Writing [[Card(cardId=1, color=Red, number=1, player=null), Card(cardId=2, color=Red, number=2, player=null), (truncated)...]
2024-04-26 08:57:26.673 DEBUG 17776 --- [http-nio-8080-exec-10] o.s.web.servlet.DispatcherServlet        : Completed 200 OK
2024-04-26 08:57:37.311 DEBUG 17776 --- [http-nio-8080-exec-1] o.s.web.servlet.DispatcherServlet        : GET "/admin/card/list", parameters={}
2024-04-26 08:57:37.313 DEBUG 17776 --- [http-nio-8080-exec-1] s.w.s.m.m.a.RequestMappingHandlerMapping : Mapped to com.card.card.controller.AdminController#getAllCard()
2024-04-26 08:57:37.326 DEBUG 17776 --- [http-nio-8080-exec-1] o.s.w.s.m.m.a.HttpEntityMethodProcessor  : Using 'application/json', given [*/*] and supported [application/json, application/*+json, application/json, application/*+json]
2024-04-26 08:57:37.327 DEBUG 17776 --- [http-nio-8080-exec-1] o.s.w.s.m.m.a.HttpEntityMethodProcessor  : Writing [[Card(cardId=1, color=Red, number=1, player=null), Card(cardId=2, color=Red, number=2, player=null), (truncated)...]
2024-04-26 08:57:37.330 DEBUG 17776 --- [http-nio-8080-exec-1] o.s.web.servlet.DispatcherServlet        : Completed 200 OK
2024-04-26 08:57:41.442 DEBUG 17776 --- [http-nio-8080-exec-4] o.s.web.servlet.DispatcherServlet        : GET "/admin/card/list", parameters={}
2024-04-26 08:57:41.443 DEBUG 17776 --- [http-nio-8080-exec-4] s.w.s.m.m.a.RequestMappingHandlerMapping : Mapped to com.card.card.controller.AdminController#getAllCard()
2024-04-26 08:57:41.454 DEBUG 17776 --- [http-nio-8080-exec-4] o.s.w.s.m.m.a.HttpEntityMethodProcessor  : Using 'application/json', given [*/*] and supported [application/json, application/*+json, application/json, application/*+json]
2024-04-26 08:57:41.455 DEBUG 17776 --- [http-nio-8080-exec-4] o.s.w.s.m.m.a.HttpEntityMethodProcessor  : Writing [[Card(cardId=1, color=Red, number=1, player=null), Card(cardId=2, color=Red, number=2, player=null), (truncated)...]
2024-04-26 08:57:41.458 DEBUG 17776 --- [http-nio-8080-exec-4] o.s.web.servlet.DispatcherServlet        : Completed 200 OK
2024-04-26 09:02:17.735 DEBUG 17776 --- [http-nio-8080-exec-6] o.s.web.servlet.DispatcherServlet        : GET "/admin/card/list", parameters={}
2024-04-26 09:02:17.736 DEBUG 17776 --- [http-nio-8080-exec-6] s.w.s.m.m.a.RequestMappingHandlerMapping : Mapped to com.card.card.controller.AdminController#getAllCard()
2024-04-26 09:02:17.750 DEBUG 17776 --- [http-nio-8080-exec-6] o.s.w.s.m.m.a.HttpEntityMethodProcessor  : Using 'application/json', given [*/*] and supported [application/json, application/*+json, application/json, application/*+json]
2024-04-26 09:02:17.750 DEBUG 17776 --- [http-nio-8080-exec-6] o.s.w.s.m.m.a.HttpEntityMethodProcessor  : Writing [[Card(cardId=1, color=Red, number=1, player=null), Card(cardId=2, color=Red, number=2, player=null), (truncated)...]
2024-04-26 09:02:17.754 DEBUG 17776 --- [http-nio-8080-exec-6] o.s.web.servlet.DispatcherServlet        : Completed 200 OK
2024-04-26 09:08:17.948 DEBUG 17776 --- [http-nio-8080-exec-8] o.s.web.servlet.DispatcherServlet        : GET "/admin/card/list", parameters={}
2024-04-26 09:08:17.949 DEBUG 17776 --- [http-nio-8080-exec-8] s.w.s.m.m.a.RequestMappingHandlerMapping : Mapped to com.card.card.controller.AdminController#getAllCard()
2024-04-26 09:08:17.963 DEBUG 17776 --- [http-nio-8080-exec-8] o.s.w.s.m.m.a.HttpEntityMethodProcessor  : Using 'application/json', given [*/*] and supported [application/json, application/*+json, application/json, application/*+json]
2024-04-26 09:08:17.964 DEBUG 17776 --- [http-nio-8080-exec-8] o.s.w.s.m.m.a.HttpEntityMethodProcessor  : Writing [[Card(cardId=1, color=Red, number=1, player=null), Card(cardId=2, color=Red, number=2, player=null), (truncated)...]
2024-04-26 09:08:17.969 DEBUG 17776 --- [http-nio-8080-exec-8] o.s.web.servlet.DispatcherServlet        : Completed 200 OK
2024-04-26 09:11:25.600 DEBUG 17776 --- [http-nio-8080-exec-10] o.s.web.servlet.DispatcherServlet        : GET "/admin/card/list", parameters={}
2024-04-26 09:11:25.601 DEBUG 17776 --- [http-nio-8080-exec-10] s.w.s.m.m.a.RequestMappingHandlerMapping : Mapped to com.card.card.controller.AdminController#getAllCard()
2024-04-26 09:11:25.613 DEBUG 17776 --- [http-nio-8080-exec-10] o.s.w.s.m.m.a.HttpEntityMethodProcessor  : Using 'application/json', given [*/*] and supported [application/json, application/*+json, application/json, application/*+json]
2024-04-26 09:11:25.614 DEBUG 17776 --- [http-nio-8080-exec-10] o.s.w.s.m.m.a.HttpEntityMethodProcessor  : Writing [[Card(cardId=1, color=Red, number=1, player=null), Card(cardId=2, color=Red, number=2, player=null), (truncated)...]
2024-04-26 09:11:25.617 DEBUG 17776 --- [http-nio-8080-exec-10] o.s.web.servlet.DispatcherServlet        : Completed 200 OK
2024-04-26 09:13:32.511 DEBUG 17776 --- [http-nio-8080-exec-1] o.s.web.servlet.DispatcherServlet        : GET "/admin/card/list", parameters={}
2024-04-26 09:13:32.512 DEBUG 17776 --- [http-nio-8080-exec-1] s.w.s.m.m.a.RequestMappingHandlerMapping : Mapped to com.card.card.controller.AdminController#getAllCard()
2024-04-26 09:13:32.521 DEBUG 17776 --- [http-nio-8080-exec-1] o.s.w.s.m.m.a.HttpEntityMethodProcessor  : Using 'application/json', given [*/*] and supported [application/json, application/*+json, application/json, application/*+json]
2024-04-26 09:13:32.522 DEBUG 17776 --- [http-nio-8080-exec-1] o.s.w.s.m.m.a.HttpEntityMethodProcessor  : Writing [[Card(cardId=1, color=Red, number=1, player=null), Card(cardId=2, color=Red, number=2, player=null), (truncated)...]
2024-04-26 09:13:32.525 DEBUG 17776 --- [http-nio-8080-exec-1] o.s.web.servlet.DispatcherServlet        : Completed 200 OK
2024-04-26 09:13:34.600 DEBUG 17776 --- [http-nio-8080-exec-4] o.s.web.servlet.DispatcherServlet        : GET "/admin/card/list", parameters={}
2024-04-26 09:13:34.601 DEBUG 17776 --- [http-nio-8080-exec-4] s.w.s.m.m.a.RequestMappingHandlerMapping : Mapped to com.card.card.controller.AdminController#getAllCard()
2024-04-26 09:13:34.612 DEBUG 17776 --- [http-nio-8080-exec-4] o.s.w.s.m.m.a.HttpEntityMethodProcessor  : Using 'application/json', given [*/*] and supported [application/json, application/*+json, application/json, application/*+json]
2024-04-26 09:13:34.613 DEBUG 17776 --- [http-nio-8080-exec-4] o.s.w.s.m.m.a.HttpEntityMethodProcessor  : Writing [[Card(cardId=1, color=Red, number=1, player=null), Card(cardId=2, color=Red, number=2, player=null), (truncated)...]
2024-04-26 09:13:34.615 DEBUG 17776 --- [http-nio-8080-exec-4] o.s.web.servlet.DispatcherServlet        : Completed 200 OK
2024-04-26 09:14:00.181 DEBUG 17776 --- [http-nio-8080-exec-6] o.s.web.servlet.DispatcherServlet        : GET "/admin/card/list", parameters={}
2024-04-26 09:14:00.182 DEBUG 17776 --- [http-nio-8080-exec-6] s.w.s.m.m.a.RequestMappingHandlerMapping : Mapped to com.card.card.controller.AdminController#getAllCard()
2024-04-26 09:14:00.192 DEBUG 17776 --- [http-nio-8080-exec-6] o.s.w.s.m.m.a.HttpEntityMethodProcessor  : Using 'application/json', given [*/*] and supported [application/json, application/*+json, application/json, application/*+json]
2024-04-26 09:14:00.193 DEBUG 17776 --- [http-nio-8080-exec-6] o.s.w.s.m.m.a.HttpEntityMethodProcessor  : Writing [[Card(cardId=1, color=Red, number=1, player=null), Card(cardId=2, color=Red, number=2, player=null), (truncated)...]
2024-04-26 09:14:00.197 DEBUG 17776 --- [http-nio-8080-exec-6] o.s.web.servlet.DispatcherServlet        : Completed 200 OK
2024-04-26 09:14:14.265 DEBUG 17776 --- [http-nio-8080-exec-8] o.s.web.servlet.DispatcherServlet        : GET "/admin/card/list", parameters={}
2024-04-26 09:14:14.266 DEBUG 17776 --- [http-nio-8080-exec-8] s.w.s.m.m.a.RequestMappingHandlerMapping : Mapped to com.card.card.controller.AdminController#getAllCard()
2024-04-26 09:14:14.275 DEBUG 17776 --- [http-nio-8080-exec-8] o.s.w.s.m.m.a.HttpEntityMethodProcessor  : Using 'application/json', given [*/*] and supported [application/json, application/*+json, application/json, application/*+json]
2024-04-26 09:14:14.276 DEBUG 17776 --- [http-nio-8080-exec-8] o.s.w.s.m.m.a.HttpEntityMethodProcessor  : Writing [[Card(cardId=1, color=Red, number=1, player=null), Card(cardId=2, color=Red, number=2, player=null), (truncated)...]
2024-04-26 09:14:14.278 DEBUG 17776 --- [http-nio-8080-exec-8] o.s.web.servlet.DispatcherServlet        : Completed 200 OK
2024-04-26 09:26:52.589 DEBUG 17776 --- [http-nio-8080-exec-10] o.s.web.servlet.DispatcherServlet        : GET "/admin/card/list", parameters={}
2024-04-26 09:26:52.590 DEBUG 17776 --- [http-nio-8080-exec-10] s.w.s.m.m.a.RequestMappingHandlerMapping : Mapped to com.card.card.controller.AdminController#getAllCard()
2024-04-26 09:26:52.602 DEBUG 17776 --- [http-nio-8080-exec-10] o.s.w.s.m.m.a.HttpEntityMethodProcessor  : Using 'application/json', given [*/*] and supported [application/json, application/*+json, application/json, application/*+json]
2024-04-26 09:26:52.603 DEBUG 17776 --- [http-nio-8080-exec-10] o.s.w.s.m.m.a.HttpEntityMethodProcessor  : Writing [[Card(cardId=1, color=Red, number=1, player=null), Card(cardId=2, color=Red, number=2, player=null), (truncated)...]
2024-04-26 09:26:52.607 DEBUG 17776 --- [http-nio-8080-exec-10] o.s.web.servlet.DispatcherServlet        : Completed 200 OK
2024-04-26 09:37:57.879 DEBUG 17776 --- [http-nio-8080-exec-1] o.s.web.servlet.DispatcherServlet        : GET "/admin/card/list", parameters={}
2024-04-26 09:37:57.880 DEBUG 17776 --- [http-nio-8080-exec-1] s.w.s.m.m.a.RequestMappingHandlerMapping : Mapped to com.card.card.controller.AdminController#getAllCard()
2024-04-26 09:37:57.893 DEBUG 17776 --- [http-nio-8080-exec-1] o.s.w.s.m.m.a.HttpEntityMethodProcessor  : Using 'application/json', given [*/*] and supported [application/json, application/*+json, application/json, application/*+json]
2024-04-26 09:37:57.894 DEBUG 17776 --- [http-nio-8080-exec-1] o.s.w.s.m.m.a.HttpEntityMethodProcessor  : Writing [[Card(cardId=1, color=Red, number=1, player=null), Card(cardId=2, color=Red, number=2, player=null), (truncated)...]
2024-04-26 09:37:57.898 DEBUG 17776 --- [http-nio-8080-exec-1] o.s.web.servlet.DispatcherServlet        : Completed 200 OK
2024-04-26 09:38:21.046 DEBUG 17776 --- [http-nio-8080-exec-4] o.s.web.servlet.DispatcherServlet        : GET "/admin/card/list", parameters={}
2024-04-26 09:38:21.046 DEBUG 17776 --- [http-nio-8080-exec-4] s.w.s.m.m.a.RequestMappingHandlerMapping : Mapped to com.card.card.controller.AdminController#getAllCard()
2024-04-26 09:38:21.058 DEBUG 17776 --- [http-nio-8080-exec-4] o.s.w.s.m.m.a.HttpEntityMethodProcessor  : Using 'application/json', given [*/*] and supported [application/json, application/*+json, application/json, application/*+json]
2024-04-26 09:38:21.058 DEBUG 17776 --- [http-nio-8080-exec-4] o.s.w.s.m.m.a.HttpEntityMethodProcessor  : Writing [[Card(cardId=1, color=Red, number=1, player=null), Card(cardId=2, color=Red, number=2, player=null), (truncated)...]
2024-04-26 09:38:21.060 DEBUG 17776 --- [http-nio-8080-exec-4] o.s.web.servlet.DispatcherServlet        : Completed 200 OK
2024-04-26 09:39:21.891 DEBUG 17776 --- [http-nio-8080-exec-6] o.s.web.servlet.DispatcherServlet        : GET "/admin/card/list", parameters={}
2024-04-26 09:39:21.892 DEBUG 17776 --- [http-nio-8080-exec-6] s.w.s.m.m.a.RequestMappingHandlerMapping : Mapped to com.card.card.controller.AdminController#getAllCard()
2024-04-26 09:39:21.901 DEBUG 17776 --- [http-nio-8080-exec-6] o.s.w.s.m.m.a.HttpEntityMethodProcessor  : Using 'application/json', given [*/*] and supported [application/json, application/*+json, application/json, application/*+json]
2024-04-26 09:39:21.902 DEBUG 17776 --- [http-nio-8080-exec-6] o.s.w.s.m.m.a.HttpEntityMethodProcessor  : Writing [[Card(cardId=1, color=Red, number=1, player=null), Card(cardId=2, color=Red, number=2, player=null), (truncated)...]
2024-04-26 09:39:21.906 DEBUG 17776 --- [http-nio-8080-exec-6] o.s.web.servlet.DispatcherServlet        : Completed 200 OK
2024-04-26 09:42:12.340 DEBUG 17776 --- [http-nio-8080-exec-8] o.s.web.servlet.DispatcherServlet        : GET "/admin/card/list", parameters={}
2024-04-26 09:42:12.341 DEBUG 17776 --- [http-nio-8080-exec-8] s.w.s.m.m.a.RequestMappingHandlerMapping : Mapped to com.card.card.controller.AdminController#getAllCard()
2024-04-26 09:42:12.361 DEBUG 17776 --- [http-nio-8080-exec-8] o.s.w.s.m.m.a.HttpEntityMethodProcessor  : Using 'application/json', given [*/*] and supported [application/json, application/*+json, application/json, application/*+json]
2024-04-26 09:42:12.365 DEBUG 17776 --- [http-nio-8080-exec-8] o.s.w.s.m.m.a.HttpEntityMethodProcessor  : Writing [[Card(cardId=1, color=Red, number=1, player=null), Card(cardId=2, color=Red, number=2, player=null), (truncated)...]
2024-04-26 09:42:12.368 DEBUG 17776 --- [http-nio-8080-exec-8] o.s.web.servlet.DispatcherServlet        : Completed 200 OK
2024-04-26 09:42:16.472 DEBUG 17776 --- [http-nio-8080-exec-9] o.s.web.servlet.DispatcherServlet        : GET "/admin/card/list", parameters={}
2024-04-26 09:42:16.473 DEBUG 17776 --- [http-nio-8080-exec-9] s.w.s.m.m.a.RequestMappingHandlerMapping : Mapped to com.card.card.controller.AdminController#getAllCard()
2024-04-26 09:42:16.487 DEBUG 17776 --- [http-nio-8080-exec-9] o.s.w.s.m.m.a.HttpEntityMethodProcessor  : Using 'application/json', given [*/*] and supported [application/json, application/*+json, application/json, application/*+json]
2024-04-26 09:42:16.488 DEBUG 17776 --- [http-nio-8080-exec-9] o.s.w.s.m.m.a.HttpEntityMethodProcessor  : Writing [[Card(cardId=1, color=Red, number=1, player=null), Card(cardId=2, color=Red, number=2, player=null), (truncated)...]
2024-04-26 09:42:16.493 DEBUG 17776 --- [http-nio-8080-exec-9] o.s.web.servlet.DispatcherServlet        : Completed 200 OK
2024-04-26 09:44:11.249 DEBUG 17776 --- [http-nio-8080-exec-2] o.s.web.servlet.DispatcherServlet        : GET "/admin/card/list", parameters={}
2024-04-26 09:44:11.250 DEBUG 17776 --- [http-nio-8080-exec-2] s.w.s.m.m.a.RequestMappingHandlerMapping : Mapped to com.card.card.controller.AdminController#getAllCard()
2024-04-26 09:44:11.262 DEBUG 17776 --- [http-nio-8080-exec-2] o.s.w.s.m.m.a.HttpEntityMethodProcessor  : Using 'application/json', given [*/*] and supported [application/json, application/*+json, application/json, application/*+json]
2024-04-26 09:44:11.262 DEBUG 17776 --- [http-nio-8080-exec-2] o.s.w.s.m.m.a.HttpEntityMethodProcessor  : Writing [[Card(cardId=1, color=Red, number=1, player=null), Card(cardId=2, color=Red, number=2, player=null), (truncated)...]
2024-04-26 09:44:11.267 DEBUG 17776 --- [http-nio-8080-exec-2] o.s.web.servlet.DispatcherServlet        : Completed 200 OK
2024-04-26 09:45:29.048 DEBUG 17776 --- [http-nio-8080-exec-3] o.s.web.servlet.DispatcherServlet        : GET "/admin/card/list", parameters={}
2024-04-26 09:45:29.049 DEBUG 17776 --- [http-nio-8080-exec-3] s.w.s.m.m.a.RequestMappingHandlerMapping : Mapped to com.card.card.controller.AdminController#getAllCard()
2024-04-26 09:45:29.061 DEBUG 17776 --- [http-nio-8080-exec-3] o.s.w.s.m.m.a.HttpEntityMethodProcessor  : Using 'application/json', given [*/*] and supported [application/json, application/*+json, application/json, application/*+json]
2024-04-26 09:45:29.062 DEBUG 17776 --- [http-nio-8080-exec-3] o.s.w.s.m.m.a.HttpEntityMethodProcessor  : Writing [[Card(cardId=1, color=Red, number=1, player=null), Card(cardId=2, color=Red, number=2, player=null), (truncated)...]
2024-04-26 09:45:29.065 DEBUG 17776 --- [http-nio-8080-exec-3] o.s.web.servlet.DispatcherServlet        : Completed 200 OK
2024-04-26 09:48:31.824 DEBUG 17776 --- [http-nio-8080-exec-5] o.s.web.servlet.DispatcherServlet        : OPTIONS "/player/login", parameters={}
2024-04-26 09:48:31.825 DEBUG 17776 --- [http-nio-8080-exec-5] s.w.s.m.m.a.RequestMappingHandlerMapping : Mapped to com.card.card.controller.PlayerController#createPlayer(PlayerDto)
2024-04-26 09:48:31.827 DEBUG 17776 --- [http-nio-8080-exec-5] o.s.web.servlet.DispatcherServlet        : Completed 200 OK
2024-04-26 09:48:31.843 DEBUG 17776 --- [http-nio-8080-exec-6] o.s.web.servlet.DispatcherServlet        : POST "/player/login", parameters={}
2024-04-26 09:48:31.843 DEBUG 17776 --- [http-nio-8080-exec-6] s.w.s.m.m.a.RequestMappingHandlerMapping : Mapped to com.card.card.controller.PlayerController#createPlayer(PlayerDto)
2024-04-26 09:48:31.849 DEBUG 17776 --- [http-nio-8080-exec-6] m.m.a.RequestResponseBodyMethodProcessor : Read "application/json;charset=UTF-8" to [PlayerDto(playerId=0, playerName=are pu)]
2024-04-26 09:48:31.905 DEBUG 17776 --- [http-nio-8080-exec-6] o.s.w.s.m.m.a.HttpEntityMethodProcessor  : Using 'application/json', given [*/*] and supported [application/json, application/*+json, application/json, application/*+json]
2024-04-26 09:48:31.907 DEBUG 17776 --- [http-nio-8080-exec-6] o.s.w.s.m.m.a.HttpEntityMethodProcessor  : Writing [Player(playerId=3, playerName=are pu, autoPlay=false, points=0, hand=null)]
2024-04-26 09:48:31.910 DEBUG 17776 --- [http-nio-8080-exec-6] o.s.web.servlet.DispatcherServlet        : Completed 200 OK
2024-04-26 09:48:31.928 DEBUG 17776 --- [http-nio-8080-exec-7] o.s.web.servlet.DispatcherServlet        : GET "/admin/card/list", parameters={}
2024-04-26 09:48:31.929 DEBUG 17776 --- [http-nio-8080-exec-7] s.w.s.m.m.a.RequestMappingHandlerMapping : Mapped to com.card.card.controller.AdminController#getAllCard()
2024-04-26 09:48:31.946 DEBUG 17776 --- [http-nio-8080-exec-7] o.s.w.s.m.m.a.HttpEntityMethodProcessor  : Using 'application/json', given [*/*] and supported [application/json, application/*+json, application/json, application/*+json]
2024-04-26 09:48:31.947 DEBUG 17776 --- [http-nio-8080-exec-7] o.s.w.s.m.m.a.HttpEntityMethodProcessor  : Writing [[Card(cardId=1, color=Red, number=1, player=null), Card(cardId=2, color=Red, number=2, player=null), (truncated)...]
2024-04-26 09:48:31.951 DEBUG 17776 --- [http-nio-8080-exec-7] o.s.web.servlet.DispatcherServlet        : Completed 200 OK
2024-04-26 13:19:28.277  INFO 9600 --- [restartedMain] com.card.card.CardApplication            : Starting CardApplication using Java 11.0.1 on LAPTOP-8SD4NQLN with PID 9600 (D:\card\target\classes started by ACER in D:\card)
2024-04-26 13:19:28.286  INFO 9600 --- [restartedMain] com.card.card.CardApplication            : No active profile set, falling back to 1 default profile: "default"
2024-04-26 13:19:28.543  INFO 9600 --- [restartedMain] .e.DevToolsPropertyDefaultsPostProcessor : Devtools property defaults active! Set 'spring.devtools.add-properties' to 'false' to disable
2024-04-26 13:19:28.544  INFO 9600 --- [restartedMain] .e.DevToolsPropertyDefaultsPostProcessor : For additional web related logging consider setting the 'logging.level.web' property to 'DEBUG'
2024-04-26 13:19:30.879  INFO 9600 --- [restartedMain] .s.d.r.c.RepositoryConfigurationDelegate : Bootstrapping Spring Data JPA repositories in DEFAULT mode.
2024-04-26 13:19:31.110  INFO 9600 --- [restartedMain] .s.d.r.c.RepositoryConfigurationDelegate : Finished Spring Data repository scanning in 182 ms. Found 2 JPA repository interfaces.
2024-04-26 13:19:33.512  INFO 9600 --- [restartedMain] o.s.b.w.embedded.tomcat.TomcatWebServer  : Tomcat initialized with port(s): 8080 (http)
2024-04-26 13:19:33.543  INFO 9600 --- [restartedMain] o.apache.catalina.core.StandardService   : Starting service [Tomcat]
2024-04-26 13:19:33.550  INFO 9600 --- [restartedMain] org.apache.catalina.core.StandardEngine  : Starting Servlet engine: [Apache Tomcat/9.0.70]
2024-04-26 13:19:33.815  INFO 9600 --- [restartedMain] o.a.c.c.C.[Tomcat].[localhost].[/]       : Initializing Spring embedded WebApplicationContext
2024-04-26 13:19:33.816  INFO 9600 --- [restartedMain] w.s.c.ServletWebServerApplicationContext : Root WebApplicationContext: initialization completed in 5270 ms
2024-04-26 13:19:34.163  INFO 9600 --- [restartedMain] com.zaxxer.hikari.HikariDataSource       : HikariPool-1 - Starting...
2024-04-26 13:19:34.752  INFO 9600 --- [restartedMain] com.zaxxer.hikari.HikariDataSource       : HikariPool-1 - Start completed.
2024-04-26 13:19:35.016  INFO 9600 --- [restartedMain] o.hibernate.jpa.internal.util.LogHelper  : HHH000204: Processing PersistenceUnitInfo [name: default]
2024-04-26 13:19:35.159  INFO 9600 --- [restartedMain] org.hibernate.Version                    : HHH000412: Hibernate ORM core version 5.6.14.Final
2024-04-26 13:19:35.611  INFO 9600 --- [restartedMain] o.hibernate.annotations.common.Version   : HCANN000001: Hibernate Commons Annotations {5.1.2.Final}
2024-04-26 13:19:35.899  INFO 9600 --- [restartedMain] org.hibernate.dialect.Dialect            : HHH000400: Using dialect: org.hibernate.dialect.MySQL5InnoDBDialect
2024-04-26 13:19:37.479  INFO 9600 --- [restartedMain] o.h.e.t.j.p.i.JtaPlatformInitiator       : HHH000490: Using JtaPlatform implementation: [org.hibernate.engine.transaction.jta.platform.internal.NoJtaPlatform]
2024-04-26 13:19:37.498  INFO 9600 --- [restartedMain] j.LocalContainerEntityManagerFactoryBean : Initialized JPA EntityManagerFactory for persistence unit 'default'
2024-04-26 13:19:38.580  WARN 9600 --- [restartedMain] JpaBaseConfiguration$JpaWebConfiguration : spring.jpa.open-in-view is enabled by default. Therefore, database queries may be performed during view rendering. Explicitly configure spring.jpa.open-in-view to disable this warning
2024-04-26 13:19:38.657  WARN 9600 --- [restartedMain] .s.s.UserDetailsServiceAutoConfiguration : 

Using generated security password: 24ef2f85-db76-499d-a0f5-6b59ad1baa1b

This generated password is for development use only. Your security configuration must be updated before running your application in production.

2024-04-26 13:19:38.886  WARN 9600 --- [restartedMain] o.s.s.c.a.web.builders.WebSecurity       : You are asking Spring Security to ignore Ant [pattern='/images/**']. This is not recommended -- please use permitAll via HttpSecurity#authorizeHttpRequests instead.
2024-04-26 13:19:38.887  INFO 9600 --- [restartedMain] o.s.s.web.DefaultSecurityFilterChain     : Will not secure Ant [pattern='/images/**']
2024-04-26 13:19:38.889  WARN 9600 --- [restartedMain] o.s.s.c.a.web.builders.WebSecurity       : You are asking Spring Security to ignore Ant [pattern='/js/**']. This is not recommended -- please use permitAll via HttpSecurity#authorizeHttpRequests instead.
2024-04-26 13:19:38.890  INFO 9600 --- [restartedMain] o.s.s.web.DefaultSecurityFilterChain     : Will not secure Ant [pattern='/js/**']
2024-04-26 13:19:38.890  WARN 9600 --- [restartedMain] o.s.s.c.a.web.builders.WebSecurity       : You are asking Spring Security to ignore Ant [pattern='/css/**']. This is not recommended -- please use permitAll via HttpSecurity#authorizeHttpRequests instead.
2024-04-26 13:19:38.890  INFO 9600 --- [restartedMain] o.s.s.web.DefaultSecurityFilterChain     : Will not secure Ant [pattern='/css/**']
2024-04-26 13:19:38.968  INFO 9600 --- [restartedMain] o.s.s.web.DefaultSecurityFilterChain     : Will secure any request with [org.springframework.security.web.session.DisableEncodeUrlFilter@a446d5a, org.springframework.security.web.context.request.async.WebAsyncManagerIntegrationFilter@2ff6cbb1, org.springframework.security.web.context.SecurityContextPersistenceFilter@212f5a86, org.springframework.security.web.header.HeaderWriterFilter@764cb6bf, org.springframework.security.web.authentication.logout.LogoutFilter@2c832a3b, org.springframework.security.web.authentication.UsernamePasswordAuthenticationFilter@46ba58ac, org.springframework.security.web.savedrequest.RequestCacheAwareFilter@71d97dd, org.springframework.security.web.servletapi.SecurityContextHolderAwareRequestFilter@5e91be8c, org.springframework.security.web.authentication.AnonymousAuthenticationFilter@a9e7991, org.springframework.security.web.session.SessionManagementFilter@74500bd5, org.springframework.security.web.access.ExceptionTranslationFilter@43c9b907, org.springframework.security.web.access.intercept.FilterSecurityInterceptor@2f1e91cc]
2024-04-26 13:19:39.309 DEBUG 9600 --- [restartedMain] s.w.s.m.m.a.RequestMappingHandlerAdapter : ControllerAdvice beans: 0 @ModelAttribute, 0 @InitBinder, 1 RequestBodyAdvice, 1 ResponseBodyAdvice
2024-04-26 13:19:39.628 DEBUG 9600 --- [restartedMain] s.w.s.m.m.a.RequestMappingHandlerMapping : 10 mappings in 'requestMappingHandlerMapping'
2024-04-26 13:19:39.685 DEBUG 9600 --- [restartedMain] o.s.w.s.handler.SimpleUrlHandlerMapping  : Patterns [/webjars/**, /**] in 'resourceHandlerMapping'
2024-04-26 13:19:39.711 DEBUG 9600 --- [restartedMain] .m.m.a.ExceptionHandlerExceptionResolver : ControllerAdvice beans: 0 @ExceptionHandler, 1 ResponseBodyAdvice
2024-04-26 13:19:39.938  INFO 9600 --- [restartedMain] o.s.b.d.a.OptionalLiveReloadServer       : LiveReload server is running on port 35729
2024-04-26 13:19:40.029  INFO 9600 --- [restartedMain] o.s.b.w.embedded.tomcat.TomcatWebServer  : Tomcat started on port(s): 8080 (http) with context path ''
2024-04-26 13:19:40.075  INFO 9600 --- [restartedMain] s.a.ScheduledAnnotationBeanPostProcessor : No TaskScheduler/ScheduledExecutorService bean found for scheduled processing
2024-04-26 13:19:40.095  INFO 9600 --- [restartedMain] com.card.card.CardApplication            : Started CardApplication in 13.188 seconds (JVM running for 14.741)
2024-04-26 14:47:27.065  INFO 9600 --- [http-nio-8080-exec-1] o.a.c.c.C.[Tomcat].[localhost].[/]       : Initializing Spring DispatcherServlet 'dispatcherServlet'
2024-04-26 14:47:27.078  INFO 9600 --- [http-nio-8080-exec-1] o.s.web.servlet.DispatcherServlet        : Initializing Servlet 'dispatcherServlet'
2024-04-26 14:47:27.086 DEBUG 9600 --- [http-nio-8080-exec-1] o.s.web.servlet.DispatcherServlet        : Detected StandardServletMultipartResolver
2024-04-26 14:47:27.086 DEBUG 9600 --- [http-nio-8080-exec-1] o.s.web.servlet.DispatcherServlet        : Detected AcceptHeaderLocaleResolver
2024-04-26 14:47:27.087 DEBUG 9600 --- [http-nio-8080-exec-1] o.s.web.servlet.DispatcherServlet        : Detected FixedThemeResolver
2024-04-26 14:47:27.133 DEBUG 9600 --- [http-nio-8080-exec-1] o.s.web.servlet.DispatcherServlet        : Detected org.springframework.web.servlet.view.DefaultRequestToViewNameTranslator@28a33dcb
2024-04-26 14:47:27.135 DEBUG 9600 --- [http-nio-8080-exec-1] o.s.web.servlet.DispatcherServlet        : Detected org.springframework.web.servlet.support.SessionFlashMapManager@35e52ae
2024-04-26 14:47:27.135 DEBUG 9600 --- [http-nio-8080-exec-1] o.s.web.servlet.DispatcherServlet        : enableLoggingRequestDetails='false': request parameters and headers will be masked to prevent unsafe logging of potentially sensitive data
2024-04-26 14:47:27.135  INFO 9600 --- [http-nio-8080-exec-1] o.s.web.servlet.DispatcherServlet        : Completed initialization in 57 ms
2024-04-26 14:47:27.264 DEBUG 9600 --- [http-nio-8080-exec-1] o.s.web.servlet.DispatcherServlet        : OPTIONS "/player/login", parameters={}
2024-04-26 14:47:27.288 DEBUG 9600 --- [http-nio-8080-exec-1] s.w.s.m.m.a.RequestMappingHandlerMapping : Mapped to com.card.card.controller.PlayerController#createPlayer(PlayerDto)
2024-04-26 14:47:27.342 DEBUG 9600 --- [http-nio-8080-exec-1] o.s.web.servlet.DispatcherServlet        : Completed 200 OK
2024-04-26 14:47:27.366 DEBUG 9600 --- [http-nio-8080-exec-2] o.s.web.servlet.DispatcherServlet        : POST "/player/login", parameters={}
2024-04-26 14:47:27.367 DEBUG 9600 --- [http-nio-8080-exec-2] s.w.s.m.m.a.RequestMappingHandlerMapping : Mapped to com.card.card.controller.PlayerController#createPlayer(PlayerDto)
2024-04-26 14:47:27.609 DEBUG 9600 --- [http-nio-8080-exec-2] m.m.a.RequestResponseBodyMethodProcessor : Read "application/json;charset=UTF-8" to [PlayerDto(playerId=0, playerName=are pu)]
2024-04-26 14:47:27.830 DEBUG 9600 --- [http-nio-8080-exec-2] o.s.w.s.m.m.a.HttpEntityMethodProcessor  : Using 'application/json', given [*/*] and supported [application/json, application/*+json, application/json, application/*+json]
2024-04-26 14:47:27.831 DEBUG 9600 --- [http-nio-8080-exec-2] o.s.w.s.m.m.a.HttpEntityMethodProcessor  : Writing [Player(playerId=1, playerName=are pu)]
2024-04-26 14:47:27.865 DEBUG 9600 --- [http-nio-8080-exec-2] o.s.web.servlet.DispatcherServlet        : Completed 200 OK
2024-04-26 14:47:27.883 DEBUG 9600 --- [http-nio-8080-exec-3] o.s.web.servlet.DispatcherServlet        : GET "/admin/card/list", parameters={}
2024-04-26 14:47:27.884 DEBUG 9600 --- [http-nio-8080-exec-3] s.w.s.m.m.a.RequestMappingHandlerMapping : Mapped to com.card.card.controller.AdminController#getAllCard()
2024-04-26 14:47:28.446 DEBUG 9600 --- [http-nio-8080-exec-3] o.s.w.s.m.m.a.HttpEntityMethodProcessor  : Using 'application/json', given [*/*] and supported [application/json, application/*+json, application/json, application/*+json]
2024-04-26 14:47:28.447 DEBUG 9600 --- [http-nio-8080-exec-3] o.s.w.s.m.m.a.HttpEntityMethodProcessor  : Writing [[Card(cardId=1, color=Red, number=1, player=null), Card(cardId=2, color=Red, number=2, player=null), (truncated)...]
2024-04-26 14:47:28.481 DEBUG 9600 --- [http-nio-8080-exec-3] o.s.web.servlet.DispatcherServlet        : Completed 200 OK
2024-04-26 18:58:18.744  INFO 3264 --- [restartedMain] com.card.card.CardApplication            : Starting CardApplication using Java 11.0.1 on LAPTOP-8SD4NQLN with PID 3264 (D:\card\target\classes started by ACER in D:\card)
2024-04-26 18:58:18.749  INFO 3264 --- [restartedMain] com.card.card.CardApplication            : No active profile set, falling back to 1 default profile: "default"
2024-04-26 18:58:18.927  INFO 3264 --- [restartedMain] .e.DevToolsPropertyDefaultsPostProcessor : Devtools property defaults active! Set 'spring.devtools.add-properties' to 'false' to disable
2024-04-26 18:58:18.928  INFO 3264 --- [restartedMain] .e.DevToolsPropertyDefaultsPostProcessor : For additional web related logging consider setting the 'logging.level.web' property to 'DEBUG'
2024-04-26 18:58:21.534  INFO 3264 --- [restartedMain] .s.d.r.c.RepositoryConfigurationDelegate : Bootstrapping Spring Data JPA repositories in DEFAULT mode.
2024-04-26 18:58:21.749  INFO 3264 --- [restartedMain] .s.d.r.c.RepositoryConfigurationDelegate : Finished Spring Data repository scanning in 184 ms. Found 2 JPA repository interfaces.
2024-04-26 18:58:24.578  INFO 3264 --- [restartedMain] o.s.b.w.embedded.tomcat.TomcatWebServer  : Tomcat initialized with port(s): 8080 (http)
2024-04-26 18:58:24.631  INFO 3264 --- [restartedMain] o.apache.catalina.core.StandardService   : Starting service [Tomcat]
2024-04-26 18:58:24.639  INFO 3264 --- [restartedMain] org.apache.catalina.core.StandardEngine  : Starting Servlet engine: [Apache Tomcat/9.0.70]
2024-04-26 18:58:24.954  INFO 3264 --- [restartedMain] o.a.c.c.C.[Tomcat].[localhost].[/]       : Initializing Spring embedded WebApplicationContext
2024-04-26 18:58:24.955  INFO 3264 --- [restartedMain] w.s.c.ServletWebServerApplicationContext : Root WebApplicationContext: initialization completed in 6023 ms
2024-04-26 18:58:25.366  INFO 3264 --- [restartedMain] com.zaxxer.hikari.HikariDataSource       : HikariPool-1 - Starting...
2024-04-26 18:58:26.266  INFO 3264 --- [restartedMain] com.zaxxer.hikari.HikariDataSource       : HikariPool-1 - Start completed.
2024-04-26 18:58:26.616  INFO 3264 --- [restartedMain] o.hibernate.jpa.internal.util.LogHelper  : HHH000204: Processing PersistenceUnitInfo [name: default]
2024-04-26 18:58:26.807  INFO 3264 --- [restartedMain] org.hibernate.Version                    : HHH000412: Hibernate ORM core version 5.6.14.Final
2024-04-26 18:58:27.345  INFO 3264 --- [restartedMain] o.hibernate.annotations.common.Version   : HCANN000001: Hibernate Commons Annotations {5.1.2.Final}
2024-04-26 18:58:27.686  INFO 3264 --- [restartedMain] org.hibernate.dialect.Dialect            : HHH000400: Using dialect: org.hibernate.dialect.MySQL5InnoDBDialect
2024-04-26 18:58:29.911  INFO 3264 --- [restartedMain] o.h.e.t.j.p.i.JtaPlatformInitiator       : HHH000490: Using JtaPlatform implementation: [org.hibernate.engine.transaction.jta.platform.internal.NoJtaPlatform]
2024-04-26 18:58:29.933  INFO 3264 --- [restartedMain] j.LocalContainerEntityManagerFactoryBean : Initialized JPA EntityManagerFactory for persistence unit 'default'
2024-04-26 18:58:31.373  WARN 3264 --- [restartedMain] JpaBaseConfiguration$JpaWebConfiguration : spring.jpa.open-in-view is enabled by default. Therefore, database queries may be performed during view rendering. Explicitly configure spring.jpa.open-in-view to disable this warning
2024-04-26 18:58:31.473  WARN 3264 --- [restartedMain] .s.s.UserDetailsServiceAutoConfiguration : 

Using generated security password: 6514c87d-c6f3-48b8-ba07-ed65ae2f8e0c

This generated password is for development use only. Your security configuration must be updated before running your application in production.

2024-04-26 18:58:31.782  WARN 3264 --- [restartedMain] o.s.s.c.a.web.builders.WebSecurity       : You are asking Spring Security to ignore Ant [pattern='/images/**']. This is not recommended -- please use permitAll via HttpSecurity#authorizeHttpRequests instead.
2024-04-26 18:58:31.784  INFO 3264 --- [restartedMain] o.s.s.web.DefaultSecurityFilterChain     : Will not secure Ant [pattern='/images/**']
2024-04-26 18:58:31.785  WARN 3264 --- [restartedMain] o.s.s.c.a.web.builders.WebSecurity       : You are asking Spring Security to ignore Ant [pattern='/js/**']. This is not recommended -- please use permitAll via HttpSecurity#authorizeHttpRequests instead.
2024-04-26 18:58:31.785  INFO 3264 --- [restartedMain] o.s.s.web.DefaultSecurityFilterChain     : Will not secure Ant [pattern='/js/**']
2024-04-26 18:58:31.786  WARN 3264 --- [restartedMain] o.s.s.c.a.web.builders.WebSecurity       : You are asking Spring Security to ignore Ant [pattern='/css/**']. This is not recommended -- please use permitAll via HttpSecurity#authorizeHttpRequests instead.
2024-04-26 18:58:31.786  INFO 3264 --- [restartedMain] o.s.s.web.DefaultSecurityFilterChain     : Will not secure Ant [pattern='/css/**']
2024-04-26 18:58:31.884  INFO 3264 --- [restartedMain] o.s.s.web.DefaultSecurityFilterChain     : Will secure any request with [org.springframework.security.web.session.DisableEncodeUrlFilter@36c86273, org.springframework.security.web.context.request.async.WebAsyncManagerIntegrationFilter@5e8cc0c5, org.springframework.security.web.context.SecurityContextPersistenceFilter@4d248889, org.springframework.security.web.header.HeaderWriterFilter@64bc96d2, org.springframework.security.web.authentication.logout.LogoutFilter@6914894f, org.springframework.security.web.authentication.UsernamePasswordAuthenticationFilter@25dbf247, org.springframework.security.web.savedrequest.RequestCacheAwareFilter@306fbfbf, org.springframework.security.web.servletapi.SecurityContextHolderAwareRequestFilter@605060b9, org.springframework.security.web.authentication.AnonymousAuthenticationFilter@7b53e5f8, org.springframework.security.web.session.SessionManagementFilter@641da34b, org.springframework.security.web.access.ExceptionTranslationFilter@71137b3c, org.springframework.security.web.access.intercept.FilterSecurityInterceptor@19cebad0]
2024-04-26 18:58:32.297 DEBUG 3264 --- [restartedMain] s.w.s.m.m.a.RequestMappingHandlerAdapter : ControllerAdvice beans: 0 @ModelAttribute, 0 @InitBinder, 1 RequestBodyAdvice, 1 ResponseBodyAdvice
2024-04-26 18:58:32.560 DEBUG 3264 --- [restartedMain] s.w.s.m.m.a.RequestMappingHandlerMapping : 10 mappings in 'requestMappingHandlerMapping'
2024-04-26 18:58:32.620 DEBUG 3264 --- [restartedMain] o.s.w.s.handler.SimpleUrlHandlerMapping  : Patterns [/webjars/**, /**] in 'resourceHandlerMapping'
2024-04-26 18:58:32.647 DEBUG 3264 --- [restartedMain] .m.m.a.ExceptionHandlerExceptionResolver : ControllerAdvice beans: 0 @ExceptionHandler, 1 ResponseBodyAdvice
2024-04-26 18:58:32.904  INFO 3264 --- [restartedMain] o.s.b.d.a.OptionalLiveReloadServer       : LiveReload server is running on port 35729
2024-04-26 18:58:32.993  INFO 3264 --- [restartedMain] o.s.b.w.embedded.tomcat.TomcatWebServer  : Tomcat started on port(s): 8080 (http) with context path ''
2024-04-26 18:58:33.037  INFO 3264 --- [restartedMain] s.a.ScheduledAnnotationBeanPostProcessor : No TaskScheduler/ScheduledExecutorService bean found for scheduled processing
2024-04-26 18:58:33.059  INFO 3264 --- [restartedMain] com.card.card.CardApplication            : Started CardApplication in 15.711 seconds (JVM running for 17.72)
2024-04-26 19:15:15.683  INFO 3264 --- [http-nio-8080-exec-1] o.a.c.c.C.[Tomcat].[localhost].[/]       : Initializing Spring DispatcherServlet 'dispatcherServlet'
2024-04-26 19:15:15.685  INFO 3264 --- [http-nio-8080-exec-1] o.s.web.servlet.DispatcherServlet        : Initializing Servlet 'dispatcherServlet'
2024-04-26 19:15:15.686 DEBUG 3264 --- [http-nio-8080-exec-1] o.s.web.servlet.DispatcherServlet        : Detected StandardServletMultipartResolver
2024-04-26 19:15:15.688 DEBUG 3264 --- [http-nio-8080-exec-1] o.s.web.servlet.DispatcherServlet        : Detected AcceptHeaderLocaleResolver
2024-04-26 19:15:15.690 DEBUG 3264 --- [http-nio-8080-exec-1] o.s.web.servlet.DispatcherServlet        : Detected FixedThemeResolver
2024-04-26 19:15:15.707 DEBUG 3264 --- [http-nio-8080-exec-1] o.s.web.servlet.DispatcherServlet        : Detected org.springframework.web.servlet.view.DefaultRequestToViewNameTranslator@6651ee52
2024-04-26 19:15:15.709 DEBUG 3264 --- [http-nio-8080-exec-1] o.s.web.servlet.DispatcherServlet        : Detected org.springframework.web.servlet.support.SessionFlashMapManager@743d10ab
2024-04-26 19:15:15.710 DEBUG 3264 --- [http-nio-8080-exec-1] o.s.web.servlet.DispatcherServlet        : enableLoggingRequestDetails='false': request parameters and headers will be masked to prevent unsafe logging of potentially sensitive data
2024-04-26 19:15:15.710  INFO 3264 --- [http-nio-8080-exec-1] o.s.web.servlet.DispatcherServlet        : Completed initialization in 24 ms
2024-04-26 19:15:15.847 DEBUG 3264 --- [http-nio-8080-exec-1] o.s.web.servlet.DispatcherServlet        : OPTIONS "/player/login", parameters={}
2024-04-26 19:15:15.867 DEBUG 3264 --- [http-nio-8080-exec-1] s.w.s.m.m.a.RequestMappingHandlerMapping : Mapped to com.card.card.controller.PlayerController#createPlayer(PlayerDto)
2024-04-26 19:15:15.924 DEBUG 3264 --- [http-nio-8080-exec-1] o.s.web.servlet.DispatcherServlet        : Completed 200 OK
2024-04-26 19:15:15.946 DEBUG 3264 --- [http-nio-8080-exec-2] o.s.web.servlet.DispatcherServlet        : POST "/player/login", parameters={}
2024-04-26 19:15:15.947 DEBUG 3264 --- [http-nio-8080-exec-2] s.w.s.m.m.a.RequestMappingHandlerMapping : Mapped to com.card.card.controller.PlayerController#createPlayer(PlayerDto)
2024-04-26 19:15:16.231 DEBUG 3264 --- [http-nio-8080-exec-2] m.m.a.RequestResponseBodyMethodProcessor : Read "application/json;charset=UTF-8" to [PlayerDto(playerId=0, playerName=are pu)]
2024-04-26 19:15:16.456 DEBUG 3264 --- [http-nio-8080-exec-2] o.s.w.s.m.m.a.HttpEntityMethodProcessor  : Using 'application/json', given [*/*] and supported [application/json, application/*+json, application/json, application/*+json]
2024-04-26 19:15:16.459 DEBUG 3264 --- [http-nio-8080-exec-2] o.s.w.s.m.m.a.HttpEntityMethodProcessor  : Writing [Player(playerId=1, playerName=are pu)]
2024-04-26 19:15:16.499 DEBUG 3264 --- [http-nio-8080-exec-2] o.s.web.servlet.DispatcherServlet        : Completed 200 OK
2024-04-26 19:15:16.517 DEBUG 3264 --- [http-nio-8080-exec-3] o.s.web.servlet.DispatcherServlet        : GET "/admin/card/list", parameters={}
2024-04-26 19:15:16.518 DEBUG 3264 --- [http-nio-8080-exec-3] s.w.s.m.m.a.RequestMappingHandlerMapping : Mapped to com.card.card.controller.AdminController#getAllCard()
2024-04-26 19:15:17.097 DEBUG 3264 --- [http-nio-8080-exec-3] o.s.w.s.m.m.a.HttpEntityMethodProcessor  : Using 'application/json', given [*/*] and supported [application/json, application/*+json, application/json, application/*+json]
2024-04-26 19:15:17.099 DEBUG 3264 --- [http-nio-8080-exec-3] o.s.w.s.m.m.a.HttpEntityMethodProcessor  : Writing [[Card(cardId=1, color=Red, number=1, player=null), Card(cardId=2, color=Red, number=2, player=null), (truncated)...]
2024-04-26 19:15:17.137 DEBUG 3264 --- [http-nio-8080-exec-3] o.s.web.servlet.DispatcherServlet        : Completed 200 OK
2024-04-26 19:19:02.530 DEBUG 3264 --- [http-nio-8080-exec-5] o.s.web.servlet.DispatcherServlet        : GET "/admin/card/list", parameters={}
2024-04-26 19:19:02.532 DEBUG 3264 --- [http-nio-8080-exec-5] s.w.s.m.m.a.RequestMappingHandlerMapping : Mapped to com.card.card.controller.AdminController#getAllCard()
2024-04-26 19:19:02.597 DEBUG 3264 --- [http-nio-8080-exec-5] o.s.w.s.m.m.a.HttpEntityMethodProcessor  : Using 'application/json', given [*/*] and supported [application/json, application/*+json, application/json, application/*+json]
2024-04-26 19:19:02.600 DEBUG 3264 --- [http-nio-8080-exec-5] o.s.w.s.m.m.a.HttpEntityMethodProcessor  : Writing [[Card(cardId=1, color=Red, number=1, player=null), Card(cardId=2, color=Red, number=2, player=null), (truncated)...]
2024-04-26 19:19:02.619 DEBUG 3264 --- [http-nio-8080-exec-5] o.s.web.servlet.DispatcherServlet        : Completed 200 OK
2024-04-26 19:19:15.009 DEBUG 3264 --- [http-nio-8080-exec-6] o.s.web.servlet.DispatcherServlet        : POST "/player/login", parameters={}
2024-04-26 19:19:15.011 DEBUG 3264 --- [http-nio-8080-exec-6] s.w.s.m.m.a.RequestMappingHandlerMapping : Mapped to com.card.card.controller.PlayerController#createPlayer(PlayerDto)
2024-04-26 19:19:15.018 DEBUG 3264 --- [http-nio-8080-exec-6] m.m.a.RequestResponseBodyMethodProcessor : Read "application/json;charset=UTF-8" to [PlayerDto(playerId=0, playerName=are pu)]
2024-04-26 19:19:15.042 DEBUG 3264 --- [http-nio-8080-exec-6] o.s.w.s.m.m.a.HttpEntityMethodProcessor  : Using 'application/json', given [*/*] and supported [application/json, application/*+json, application/json, application/*+json]
2024-04-26 19:19:15.043 DEBUG 3264 --- [http-nio-8080-exec-6] o.s.w.s.m.m.a.HttpEntityMethodProcessor  : Writing [Player(playerId=2, playerName=are pu)]
2024-04-26 19:19:15.046 DEBUG 3264 --- [http-nio-8080-exec-6] o.s.web.servlet.DispatcherServlet        : Completed 200 OK
2024-04-26 19:19:15.067 DEBUG 3264 --- [http-nio-8080-exec-7] o.s.web.servlet.DispatcherServlet        : GET "/admin/card/list", parameters={}
2024-04-26 19:19:15.069 DEBUG 3264 --- [http-nio-8080-exec-7] s.w.s.m.m.a.RequestMappingHandlerMapping : Mapped to com.card.card.controller.AdminController#getAllCard()
2024-04-26 19:19:15.118 DEBUG 3264 --- [http-nio-8080-exec-7] o.s.w.s.m.m.a.HttpEntityMethodProcessor  : Using 'application/json', given [*/*] and supported [application/json, application/*+json, application/json, application/*+json]
2024-04-26 19:19:15.120 DEBUG 3264 --- [http-nio-8080-exec-7] o.s.w.s.m.m.a.HttpEntityMethodProcessor  : Writing [[Card(cardId=1, color=Red, number=1, player=null), Card(cardId=2, color=Red, number=2, player=null), (truncated)...]
2024-04-26 19:19:15.130 DEBUG 3264 --- [http-nio-8080-exec-7] o.s.web.servlet.DispatcherServlet        : Completed 200 OK
2024-04-26 19:25:15.138 DEBUG 3264 --- [http-nio-8080-exec-9] o.s.web.servlet.DispatcherServlet        : POST "/player/login", parameters={}
2024-04-26 19:25:15.139 DEBUG 3264 --- [http-nio-8080-exec-9] s.w.s.m.m.a.RequestMappingHandlerMapping : Mapped to com.card.card.controller.PlayerController#createPlayer(PlayerDto)
2024-04-26 19:25:15.144 DEBUG 3264 --- [http-nio-8080-exec-9] m.m.a.RequestResponseBodyMethodProcessor : Read "application/json;charset=UTF-8" to [PlayerDto(playerId=0, playerName=are pu)]
2024-04-26 19:25:15.164 DEBUG 3264 --- [http-nio-8080-exec-9] o.s.w.s.m.m.a.HttpEntityMethodProcessor  : Using 'application/json', given [*/*] and supported [application/json, application/*+json, application/json, application/*+json]
2024-04-26 19:25:15.164 DEBUG 3264 --- [http-nio-8080-exec-9] o.s.w.s.m.m.a.HttpEntityMethodProcessor  : Writing [Player(playerId=3, playerName=are pu)]
2024-04-26 19:25:15.169 DEBUG 3264 --- [http-nio-8080-exec-9] o.s.web.servlet.DispatcherServlet        : Completed 200 OK
2024-04-26 19:25:15.191 DEBUG 3264 --- [http-nio-8080-exec-10] o.s.web.servlet.DispatcherServlet        : GET "/admin/card/list", parameters={}
2024-04-26 19:25:15.193 DEBUG 3264 --- [http-nio-8080-exec-10] s.w.s.m.m.a.RequestMappingHandlerMapping : Mapped to com.card.card.controller.AdminController#getAllCard()
2024-04-26 19:25:15.254 DEBUG 3264 --- [http-nio-8080-exec-10] o.s.w.s.m.m.a.HttpEntityMethodProcessor  : Using 'application/json', given [*/*] and supported [application/json, application/*+json, application/json, application/*+json]
2024-04-26 19:25:15.257 DEBUG 3264 --- [http-nio-8080-exec-10] o.s.w.s.m.m.a.HttpEntityMethodProcessor  : Writing [[Card(cardId=1, color=Red, number=1, player=null), Card(cardId=2, color=Red, number=2, player=null), (truncated)...]
2024-04-26 19:25:15.273 DEBUG 3264 --- [http-nio-8080-exec-10] o.s.web.servlet.DispatcherServlet        : Completed 200 OK
2024-04-26 19:26:39.148 DEBUG 3264 --- [http-nio-8080-exec-2] o.s.web.servlet.DispatcherServlet        : POST "/player/login", parameters={}
2024-04-26 19:26:39.151 DEBUG 3264 --- [http-nio-8080-exec-2] s.w.s.m.m.a.RequestMappingHandlerMapping : Mapped to com.card.card.controller.PlayerController#createPlayer(PlayerDto)
2024-04-26 19:26:39.159 DEBUG 3264 --- [http-nio-8080-exec-2] m.m.a.RequestResponseBodyMethodProcessor : Read "application/json;charset=UTF-8" to [PlayerDto(playerId=0, playerName=are pu)]
2024-04-26 19:26:39.183 DEBUG 3264 --- [http-nio-8080-exec-2] o.s.w.s.m.m.a.HttpEntityMethodProcessor  : Using 'application/json', given [*/*] and supported [application/json, application/*+json, application/json, application/*+json]
2024-04-26 19:26:39.184 DEBUG 3264 --- [http-nio-8080-exec-2] o.s.w.s.m.m.a.HttpEntityMethodProcessor  : Writing [Player(playerId=4, playerName=are pu)]
2024-04-26 19:26:39.190 DEBUG 3264 --- [http-nio-8080-exec-2] o.s.web.servlet.DispatcherServlet        : Completed 200 OK
2024-04-26 19:26:39.216 DEBUG 3264 --- [http-nio-8080-exec-3] o.s.web.servlet.DispatcherServlet        : GET "/admin/card/list", parameters={}
2024-04-26 19:26:39.218 DEBUG 3264 --- [http-nio-8080-exec-3] s.w.s.m.m.a.RequestMappingHandlerMapping : Mapped to com.card.card.controller.AdminController#getAllCard()
2024-04-26 19:26:39.253 DEBUG 3264 --- [http-nio-8080-exec-3] o.s.w.s.m.m.a.HttpEntityMethodProcessor  : Using 'application/json', given [*/*] and supported [application/json, application/*+json, application/json, application/*+json]
2024-04-26 19:26:39.254 DEBUG 3264 --- [http-nio-8080-exec-3] o.s.w.s.m.m.a.HttpEntityMethodProcessor  : Writing [[Card(cardId=1, color=Red, number=1, player=null), Card(cardId=2, color=Red, number=2, player=null), (truncated)...]
2024-04-26 19:26:39.276 DEBUG 3264 --- [http-nio-8080-exec-3] o.s.web.servlet.DispatcherServlet        : Completed 200 OK
2024-04-26 19:27:47.741 DEBUG 3264 --- [http-nio-8080-exec-5] o.s.web.servlet.DispatcherServlet        : POST "/player/login", parameters={}
2024-04-26 19:27:47.742 DEBUG 3264 --- [http-nio-8080-exec-5] s.w.s.m.m.a.RequestMappingHandlerMapping : Mapped to com.card.card.controller.PlayerController#createPlayer(PlayerDto)
2024-04-26 19:27:47.749 DEBUG 3264 --- [http-nio-8080-exec-5] m.m.a.RequestResponseBodyMethodProcessor : Read "application/json;charset=UTF-8" to [PlayerDto(playerId=0, playerName=are pu)]
2024-04-26 19:27:47.771 DEBUG 3264 --- [http-nio-8080-exec-5] o.s.w.s.m.m.a.HttpEntityMethodProcessor  : Using 'application/json', given [*/*] and supported [application/json, application/*+json, application/json, application/*+json]
2024-04-26 19:27:47.772 DEBUG 3264 --- [http-nio-8080-exec-5] o.s.w.s.m.m.a.HttpEntityMethodProcessor  : Writing [Player(playerId=5, playerName=are pu)]
2024-04-26 19:27:47.779 DEBUG 3264 --- [http-nio-8080-exec-5] o.s.web.servlet.DispatcherServlet        : Completed 200 OK
2024-04-26 19:27:47.795 DEBUG 3264 --- [http-nio-8080-exec-6] o.s.web.servlet.DispatcherServlet        : GET "/admin/card/list", parameters={}
2024-04-26 19:27:47.796 DEBUG 3264 --- [http-nio-8080-exec-6] s.w.s.m.m.a.RequestMappingHandlerMapping : Mapped to com.card.card.controller.AdminController#getAllCard()
2024-04-26 19:27:47.832 DEBUG 3264 --- [http-nio-8080-exec-6] o.s.w.s.m.m.a.HttpEntityMethodProcessor  : Using 'application/json', given [*/*] and supported [application/json, application/*+json, application/json, application/*+json]
2024-04-26 19:27:47.835 DEBUG 3264 --- [http-nio-8080-exec-6] o.s.w.s.m.m.a.HttpEntityMethodProcessor  : Writing [[Card(cardId=1, color=Red, number=1, player=null), Card(cardId=2, color=Red, number=2, player=null), (truncated)...]
2024-04-26 19:27:47.852 DEBUG 3264 --- [http-nio-8080-exec-6] o.s.web.servlet.DispatcherServlet        : Completed 200 OK
2024-04-26 19:31:10.075 DEBUG 3264 --- [http-nio-8080-exec-8] o.s.web.servlet.DispatcherServlet        : GET "/admin/card/list", parameters={}
2024-04-26 19:31:10.076 DEBUG 3264 --- [http-nio-8080-exec-8] s.w.s.m.m.a.RequestMappingHandlerMapping : Mapped to com.card.card.controller.AdminController#getAllCard()
2024-04-26 19:31:10.100 DEBUG 3264 --- [http-nio-8080-exec-8] o.s.w.s.m.m.a.HttpEntityMethodProcessor  : Using 'application/json', given [*/*] and supported [application/json, application/*+json, application/json, application/*+json]
2024-04-26 19:31:10.103 DEBUG 3264 --- [http-nio-8080-exec-8] o.s.w.s.m.m.a.HttpEntityMethodProcessor  : Writing [[Card(cardId=1, color=Red, number=1, player=null), Card(cardId=2, color=Red, number=2, player=null), (truncated)...]
2024-04-26 19:31:10.112 DEBUG 3264 --- [http-nio-8080-exec-8] o.s.web.servlet.DispatcherServlet        : Completed 200 OK
2024-04-26 19:31:35.431 DEBUG 3264 --- [http-nio-8080-exec-9] o.s.web.servlet.DispatcherServlet        : POST "/player/login", parameters={}
2024-04-26 19:31:35.432 DEBUG 3264 --- [http-nio-8080-exec-9] s.w.s.m.m.a.RequestMappingHandlerMapping : Mapped to com.card.card.controller.PlayerController#createPlayer(PlayerDto)
2024-04-26 19:31:35.437 DEBUG 3264 --- [http-nio-8080-exec-9] m.m.a.RequestResponseBodyMethodProcessor : Read "application/json;charset=UTF-8" to [PlayerDto(playerId=0, playerName=kaung lynn shann)]
2024-04-26 19:31:35.459 DEBUG 3264 --- [http-nio-8080-exec-9] o.s.w.s.m.m.a.HttpEntityMethodProcessor  : Using 'application/json', given [*/*] and supported [application/json, application/*+json, application/json, application/*+json]
2024-04-26 19:31:35.459 DEBUG 3264 --- [http-nio-8080-exec-9] o.s.w.s.m.m.a.HttpEntityMethodProcessor  : Writing [Player(playerId=6, playerName=kaung lynn shann)]
2024-04-26 19:31:35.463 DEBUG 3264 --- [http-nio-8080-exec-9] o.s.web.servlet.DispatcherServlet        : Completed 200 OK
2024-04-26 19:31:35.485 DEBUG 3264 --- [http-nio-8080-exec-10] o.s.web.servlet.DispatcherServlet        : GET "/admin/card/list", parameters={}
2024-04-26 19:31:35.487 DEBUG 3264 --- [http-nio-8080-exec-10] s.w.s.m.m.a.RequestMappingHandlerMapping : Mapped to com.card.card.controller.AdminController#getAllCard()
2024-04-26 19:31:35.513 DEBUG 3264 --- [http-nio-8080-exec-10] o.s.w.s.m.m.a.HttpEntityMethodProcessor  : Using 'application/json', given [*/*] and supported [application/json, application/*+json, application/json, application/*+json]
2024-04-26 19:31:35.514 DEBUG 3264 --- [http-nio-8080-exec-10] o.s.w.s.m.m.a.HttpEntityMethodProcessor  : Writing [[Card(cardId=1, color=Red, number=1, player=null), Card(cardId=2, color=Red, number=2, player=null), (truncated)...]
2024-04-26 19:31:35.521 DEBUG 3264 --- [http-nio-8080-exec-10] o.s.web.servlet.DispatcherServlet        : Completed 200 OK
